::1 - - [14/Feb/2023:17:13:40 +0000] "GET /user/form HTTP/1.1" 304 -
::1 - - [14/Feb/2023:17:13:41 +0000] "GET /user/getDetails?page=1&limit=10 HTTP/1.1" 304 -
::1 - - [15/Feb/2023:04:57:25 +0000] "GET /user/form HTTP/1.1" 304 -
::1 - - [15/Feb/2023:04:57:27 +0000] "GET /user/getDetails?page=1&limit=10 HTTP/1.1" 304 -
::1 - - [15/Feb/2023:04:57:27 +0000] "GET /favicon.ico HTTP/1.1" 404 150
::ffff:127.0.0.1 - - [15/Feb/2023:05:00:47 +0000] "GET /user/form HTTP/1.1" 304 -
::1 - - [15/Feb/2023:05:00:47 +0000] "GET /user/getDetails?page=1&limit=10 HTTP/1.1" 304 -
::1 - - [15/Feb/2023:05:52:59 +0000] "GET /user/form HTTP/1.1" 200 3498
::1 - - [15/Feb/2023:05:52:59 +0000] "GET /user/getDetails?page=1&limit=10 HTTP/1.1" 304 -
::1 - - [15/Feb/2023:06:04:58 +0000] "GET /user/form HTTP/1.1" 200 3497
::1 - - [15/Feb/2023:06:04:59 +0000] "GET /user/getDetails?page=1&limit=10 HTTP/1.1" 304 -
::1 - - [15/Feb/2023:06:05:21 +0000] "GET /user/form HTTP/1.1" 304 -
::ffff:127.0.0.1 - - [15/Feb/2023:06:05:21 +0000] "GET /user/getDetails?page=1&limit=10 HTTP/1.1" 304 -
::1 - - [15/Feb/2023:06:06:40 +0000] "GET /user/form HTTP/1.1" 200 3635
::1 - - [15/Feb/2023:06:06:40 +0000] "GET /user/getDetails?page=1&limit=10 HTTP/1.1" 304 -
::1 - - [15/Feb/2023:06:06:51 +0000] "GET /user/form HTTP/1.1" 200 3643
::1 - - [15/Feb/2023:06:06:51 +0000] "GET /user/getDetails?page=1&limit=10 HTTP/1.1" 304 -
::1 - - [15/Feb/2023:06:06:54 +0000] "GET /user/form HTTP/1.1" 200 3635
::1 - - [15/Feb/2023:06:06:54 +0000] "GET /user/getDetails?page=1&limit=10 HTTP/1.1" 304 -
::1 - - [15/Feb/2023:06:07:14 +0000] "GET /user/form HTTP/1.1" 200 3646
::1 - - [15/Feb/2023:06:07:14 +0000] "GET /user/getDetails?page=1&limit=10 HTTP/1.1" 304 -
::1 - - [15/Feb/2023:06:11:06 +0000] "GET /user/form HTTP/1.1" 304 -
::1 - - [15/Feb/2023:06:11:06 +0000] "GET /user/getDetails?page=1&limit=10 HTTP/1.1" 304 -
::1 - - [15/Feb/2023:06:11:08 +0000] "GET /user/form HTTP/1.1" 304 -
::1 - - [15/Feb/2023:06:11:08 +0000] "GET /user/getDetails?page=1&limit=10 HTTP/1.1" 304 -
::1 - - [15/Feb/2023:06:11:19 +0000] "GET /user/form HTTP/1.1" 200 3508
::1 - - [15/Feb/2023:06:11:19 +0000] "GET /user/getDetails?page=1&limit=10 HTTP/1.1" 304 -
::1 - - [15/Feb/2023:06:11:21 +0000] "GET /user/form HTTP/1.1" 304 -
::1 - - [15/Feb/2023:06:11:21 +0000] "GET /user/getDetails?page=1&limit=10 HTTP/1.1" 304 -
::1 - - [15/Feb/2023:06:11:41 +0000] "GET /user/form HTTP/1.1" 304 -
::ffff:127.0.0.1 - - [15/Feb/2023:06:11:42 +0000] "GET /user/getDetails?page=1&limit=10 HTTP/1.1" 304 -
::1 - - [15/Feb/2023:06:12:34 +0000] "GET /user/form HTTP/1.1" 304 -
::ffff:127.0.0.1 - - [15/Feb/2023:06:12:35 +0000] "GET /user/getDetails?page=1&limit=10 HTTP/1.1" 304 -
::1 - - [15/Feb/2023:06:13:21 +0000] "GET /user/form HTTP/1.1" 304 -
::1 - - [15/Feb/2023:06:13:22 +0000] "GET /user/getDetails?page=1&limit=10 HTTP/1.1" 304 -
::1 - - [15/Feb/2023:06:13:35 +0000] "GET /user/form HTTP/1.1" 304 -
::1 - - [15/Feb/2023:06:13:35 +0000] "GET /user/getDetails?page=1&limit=10 HTTP/1.1" 304 -
::1 - - [15/Feb/2023:06:13:53 +0000] "GET /user/form HTTP/1.1" 304 -
::1 - - [15/Feb/2023:06:13:54 +0000] "GET /user/getDetails?page=1&limit=10 HTTP/1.1" 304 -
::1 - - [15/Feb/2023:06:14:14 +0000] "GET /user/form HTTP/1.1" 304 -
::1 - - [15/Feb/2023:06:14:15 +0000] "GET /user/getDetails?page=1&limit=10 HTTP/1.1" 304 -
::1 - - [15/Feb/2023:06:14:27 +0000] "GET /user/form HTTP/1.1" 304 -
::1 - - [15/Feb/2023:06:14:27 +0000] "GET /user/getDetails?page=1&limit=10 HTTP/1.1" 304 -
::1 - - [15/Feb/2023:06:14:33 +0000] "GET /user/form HTTP/1.1" 304 -
::1 - - [15/Feb/2023:06:14:34 +0000] "GET /user/getDetails?page=1&limit=10 HTTP/1.1" 304 -
::1 - - [15/Feb/2023:06:14:43 +0000] "GET /user/form HTTP/1.1" 304 -
::1 - - [15/Feb/2023:06:14:43 +0000] "GET /user/getDetails?page=1&limit=10 HTTP/1.1" 304 -
::1 - - [15/Feb/2023:06:14:56 +0000] "GET /user/form HTTP/1.1" 304 -
::1 - - [15/Feb/2023:06:14:57 +0000] "GET /user/getDetails?page=1&limit=10 HTTP/1.1" 304 -
::1 - - [15/Feb/2023:06:15:02 +0000] "GET /user/form HTTP/1.1" 304 -
::1 - - [15/Feb/2023:06:15:03 +0000] "GET /user/getDetails?page=1&limit=10 HTTP/1.1" 304 -
::1 - - [15/Feb/2023:06:15:22 +0000] "GET /user/form HTTP/1.1" 304 -
::1 - - [15/Feb/2023:06:15:23 +0000] "GET /user/getDetails?page=1&limit=10 HTTP/1.1" 304 -
::1 - - [15/Feb/2023:06:15:39 +0000] "GET /user/form HTTP/1.1" 304 -
::1 - - [15/Feb/2023:06:15:40 +0000] "GET /user/getDetails?page=1&limit=10 HTTP/1.1" 304 -
::1 - - [15/Feb/2023:06:15:52 +0000] "GET /user/form HTTP/1.1" 304 -
::1 - - [15/Feb/2023:06:15:52 +0000] "GET /user/getDetails?page=1&limit=10 HTTP/1.1" 304 -
::1 - - [15/Feb/2023:06:15:55 +0000] "GET /user/form HTTP/1.1" 304 -
::1 - - [15/Feb/2023:06:15:56 +0000] "GET /user/getDetails?page=1&limit=10 HTTP/1.1" 304 -
::1 - - [15/Feb/2023:06:16:01 +0000] "GET /user/form HTTP/1.1" 304 -
::1 - - [15/Feb/2023:06:16:02 +0000] "GET /user/getDetails?page=1&limit=10 HTTP/1.1" 304 -
::1 - - [15/Feb/2023:06:16:08 +0000] "GET /user/form HTTP/1.1" 304 -
::1 - - [15/Feb/2023:06:16:08 +0000] "GET /user/getDetails?page=1&limit=10 HTTP/1.1" 304 -
::1 - - [15/Feb/2023:06:16:23 +0000] "GET /user/form HTTP/1.1" 304 -
::1 - - [15/Feb/2023:06:16:24 +0000] "GET /user/getDetails?page=1&limit=10 HTTP/1.1" 304 -
::1 - - [15/Feb/2023:06:17:16 +0000] "GET /user/form HTTP/1.1" 304 -
::1 - - [15/Feb/2023:06:17:16 +0000] "GET /user/getDetails?page=1&limit=10 HTTP/1.1" 304 -
::1 - - [15/Feb/2023:06:17:29 +0000] "GET /user/form HTTP/1.1" 304 -
::1 - - [15/Feb/2023:06:17:30 +0000] "GET /user/getDetails?page=1&limit=10 HTTP/1.1" 304 -
::1 - - [15/Feb/2023:06:17:40 +0000] "GET /user/form HTTP/1.1" 304 -
::1 - - [15/Feb/2023:06:17:40 +0000] "GET /user/getDetails?page=1&limit=10 HTTP/1.1" 304 -
::1 - - [15/Feb/2023:06:18:44 +0000] "GET /user/form HTTP/1.1" 304 -
::1 - - [15/Feb/2023:06:18:45 +0000] "GET /user/getDetails?page=1&limit=10 HTTP/1.1" 304 -
::1 - - [15/Feb/2023:06:18:59 +0000] "GET /user/form HTTP/1.1" 304 -
::1 - - [15/Feb/2023:06:19:00 +0000] "GET /user/getDetails?page=1&limit=10 HTTP/1.1" 304 -
::1 - - [15/Feb/2023:06:19:08 +0000] "GET /user/form HTTP/1.1" 304 -
::1 - - [15/Feb/2023:06:19:08 +0000] "GET /user/getDetails?page=1&limit=10 HTTP/1.1" 304 -
::1 - - [15/Feb/2023:06:19:15 +0000] "GET /user/form HTTP/1.1" 304 -
::1 - - [15/Feb/2023:06:19:15 +0000] "GET /user/getDetails?page=1&limit=10 HTTP/1.1" 304 -
::1 - - [15/Feb/2023:06:19:20 +0000] "GET /user/form HTTP/1.1" 304 -
::1 - - [15/Feb/2023:06:19:20 +0000] "GET /user/getDetails?page=1&limit=10 HTTP/1.1" 304 -
::1 - - [15/Feb/2023:06:19:29 +0000] "GET /user/form HTTP/1.1" 304 -
::1 - - [15/Feb/2023:06:19:30 +0000] "GET /user/getDetails?page=1&limit=10 HTTP/1.1" 304 -
::1 - - [15/Feb/2023:06:19:35 +0000] "GET /user/form HTTP/1.1" 304 -
::1 - - [15/Feb/2023:06:19:35 +0000] "GET /user/getDetails?page=1&limit=10 HTTP/1.1" 304 -
::1 - - [15/Feb/2023:06:19:44 +0000] "GET /user/form HTTP/1.1" 304 -
::1 - - [15/Feb/2023:06:19:45 +0000] "GET /user/getDetails?page=1&limit=10 HTTP/1.1" 304 -
::1 - - [15/Feb/2023:06:19:50 +0000] "GET /user/form HTTP/1.1" 304 -
::1 - - [15/Feb/2023:06:19:51 +0000] "GET /user/getDetails?page=1&limit=10 HTTP/1.1" 304 -
::1 - - [15/Feb/2023:06:20:08 +0000] "GET /user/form HTTP/1.1" 304 -
::1 - - [15/Feb/2023:06:20:08 +0000] "GET /user/getDetails?page=1&limit=10 HTTP/1.1" 304 -
::1 - - [15/Feb/2023:06:20:23 +0000] "GET /user/form HTTP/1.1" 304 -
::1 - - [15/Feb/2023:06:20:23 +0000] "GET /user/getDetails?page=1&limit=10 HTTP/1.1" 304 -
::1 - - [15/Feb/2023:06:20:27 +0000] "GET /user/form HTTP/1.1" 304 -
::1 - - [15/Feb/2023:06:20:27 +0000] "GET /user/getDetails?page=1&limit=10 HTTP/1.1" 304 -
::1 - - [15/Feb/2023:06:20:41 +0000] "GET /user/form HTTP/1.1" 304 -
::1 - - [15/Feb/2023:06:20:41 +0000] "GET /user/getDetails?page=1&limit=10 HTTP/1.1" 304 -
::1 - - [15/Feb/2023:06:20:55 +0000] "GET /user/form HTTP/1.1" 304 -
::1 - - [15/Feb/2023:06:20:56 +0000] "GET /user/getDetails?page=1&limit=10 HTTP/1.1" 304 -
::1 - - [15/Feb/2023:06:21:37 +0000] "GET /user/form HTTP/1.1" 304 -
::1 - - [15/Feb/2023:06:21:37 +0000] "GET /user/getDetails?page=1&limit=10 HTTP/1.1" 304 -
::1 - - [15/Feb/2023:06:21:57 +0000] "GET /user/form HTTP/1.1" 304 -
::1 - - [15/Feb/2023:06:21:58 +0000] "GET /user/getDetails?page=1&limit=10 HTTP/1.1" 304 -
::1 - - [15/Feb/2023:06:22:17 +0000] "GET /user/form HTTP/1.1" 304 -
::1 - - [15/Feb/2023:06:22:17 +0000] "GET /user/getDetails?page=1&limit=10 HTTP/1.1" 304 -
::1 - - [15/Feb/2023:06:22:41 +0000] "GET /user/form HTTP/1.1" 304 -
::1 - - [15/Feb/2023:06:22:42 +0000] "GET /user/getDetails?page=1&limit=10 HTTP/1.1" 304 -
::1 - - [15/Feb/2023:06:22:56 +0000] "GET /user/form HTTP/1.1" 304 -
::1 - - [15/Feb/2023:06:22:57 +0000] "GET /user/getDetails?page=1&limit=10 HTTP/1.1" 304 -
::1 - - [15/Feb/2023:06:23:38 +0000] "GET /user/form HTTP/1.1" 304 -
::1 - - [15/Feb/2023:06:23:38 +0000] "GET /user/getDetails?page=1&limit=10 HTTP/1.1" 304 -
::1 - - [15/Feb/2023:06:23:52 +0000] "GET /user/form HTTP/1.1" 304 -
::1 - - [15/Feb/2023:06:23:53 +0000] "GET /user/getDetails?page=1&limit=10 HTTP/1.1" 304 -
::1 - - [15/Feb/2023:06:23:58 +0000] "GET /user/form HTTP/1.1" 304 -
::1 - - [15/Feb/2023:06:23:59 +0000] "GET /user/getDetails?page=1&limit=10 HTTP/1.1" 304 -
::1 - - [15/Feb/2023:06:24:30 +0000] "GET /user/form HTTP/1.1" 304 -
::1 - - [15/Feb/2023:06:24:30 +0000] "GET /user/getDetails?page=1&limit=10 HTTP/1.1" 304 -
::1 - - [15/Feb/2023:06:24:41 +0000] "GET /user/form HTTP/1.1" 304 -
::1 - - [15/Feb/2023:06:24:41 +0000] "GET /user/getDetails?page=1&limit=10 HTTP/1.1" 304 -
::1 - - [15/Feb/2023:06:24:50 +0000] "GET /user/form HTTP/1.1" 304 -
::1 - - [15/Feb/2023:06:24:50 +0000] "GET /user/getDetails?page=1&limit=10 HTTP/1.1" 304 -
::1 - - [15/Feb/2023:06:24:57 +0000] "GET /user/form HTTP/1.1" 304 -
::1 - - [15/Feb/2023:06:24:57 +0000] "GET /user/getDetails?page=1&limit=10 HTTP/1.1" 304 -
::1 - - [15/Feb/2023:06:25:06 +0000] "GET /user/form HTTP/1.1" 304 -
::1 - - [15/Feb/2023:06:25:06 +0000] "GET /user/getDetails?page=1&limit=10 HTTP/1.1" 304 -
::1 - - [15/Feb/2023:06:25:20 +0000] "GET /user/form HTTP/1.1" 304 -
::1 - - [15/Feb/2023:06:25:20 +0000] "GET /user/getDetails?page=1&limit=10 HTTP/1.1" 304 -
::1 - - [15/Feb/2023:06:25:32 +0000] "GET /user/form HTTP/1.1" 200 3473
::1 - - [15/Feb/2023:06:25:33 +0000] "GET /user/getDetails?page=1&limit=10 HTTP/1.1" 304 -
::1 - - [15/Feb/2023:06:25:48 +0000] "GET /user/form HTTP/1.1" 304 -
::1 - - [15/Feb/2023:06:25:49 +0000] "GET /user/getDetails?page=1&limit=10 HTTP/1.1" 304 -
::1 - - [15/Feb/2023:06:26:12 +0000] "GET /user/form HTTP/1.1" 304 -
::1 - - [15/Feb/2023:06:26:13 +0000] "GET /user/getDetails?page=1&limit=10 HTTP/1.1" 304 -
::1 - - [15/Feb/2023:06:26:32 +0000] "GET /user/form HTTP/1.1" 304 -
::1 - - [15/Feb/2023:06:26:33 +0000] "GET /user/getDetails?page=1&limit=10 HTTP/1.1" 304 -
::1 - - [15/Feb/2023:06:26:37 +0000] "GET /user/form HTTP/1.1" 304 -
::1 - - [15/Feb/2023:06:26:37 +0000] "GET /user/getDetails?page=1&limit=10 HTTP/1.1" 304 -
::1 - - [15/Feb/2023:06:27:07 +0000] "GET /user/form HTTP/1.1" 304 -
::1 - - [15/Feb/2023:06:27:08 +0000] "GET /user/getDetails?page=1&limit=10 HTTP/1.1" 304 -
::1 - - [15/Feb/2023:06:27:28 +0000] "GET /user/form HTTP/1.1" 304 -
::1 - - [15/Feb/2023:06:27:28 +0000] "GET /user/getDetails?page=1&limit=10 HTTP/1.1" 304 -
::1 - - [15/Feb/2023:06:28:36 +0000] "GET /user/form HTTP/1.1" 304 -
::1 - - [15/Feb/2023:06:28:37 +0000] "GET /user/getDetails?page=1&limit=10 HTTP/1.1" 304 -
::1 - - [15/Feb/2023:06:28:57 +0000] "GET /user/form HTTP/1.1" 304 -
::1 - - [15/Feb/2023:06:28:57 +0000] "GET /user/getDetails?page=1&limit=10 HTTP/1.1" 304 -
::1 - - [15/Feb/2023:06:29:08 +0000] "GET /user/form HTTP/1.1" 304 -
::1 - - [15/Feb/2023:06:29:09 +0000] "GET /user/getDetails?page=1&limit=10 HTTP/1.1" 304 -
::1 - - [15/Feb/2023:06:29:18 +0000] "GET /user/form HTTP/1.1" 304 -
::1 - - [15/Feb/2023:06:29:18 +0000] "GET /user/getDetails?page=1&limit=10 HTTP/1.1" 304 -
::1 - - [15/Feb/2023:06:29:26 +0000] "GET /user/form HTTP/1.1" 304 -
::1 - - [15/Feb/2023:06:29:27 +0000] "GET /user/getDetails?page=1&limit=10 HTTP/1.1" 304 -
::1 - - [15/Feb/2023:06:29:34 +0000] "GET /user/form HTTP/1.1" 304 -
::1 - - [15/Feb/2023:06:29:35 +0000] "GET /user/getDetails?page=1&limit=10 HTTP/1.1" 304 -
::1 - - [15/Feb/2023:06:29:41 +0000] "GET /user/form HTTP/1.1" 304 -
::1 - - [15/Feb/2023:06:29:41 +0000] "GET /user/getDetails?page=1&limit=10 HTTP/1.1" 304 -
::1 - - [15/Feb/2023:06:29:48 +0000] "GET /user/form HTTP/1.1" 304 -
::1 - - [15/Feb/2023:06:29:48 +0000] "GET /user/getDetails?page=1&limit=10 HTTP/1.1" 304 -
::1 - - [15/Feb/2023:06:29:54 +0000] "GET /user/form HTTP/1.1" 304 -
::1 - - [15/Feb/2023:06:29:55 +0000] "GET /user/getDetails?page=1&limit=10 HTTP/1.1" 304 -
::1 - - [15/Feb/2023:06:30:00 +0000] "GET /user/form HTTP/1.1" 304 -
::1 - - [15/Feb/2023:06:30:00 +0000] "GET /user/getDetails?page=1&limit=10 HTTP/1.1" 304 -
::1 - - [15/Feb/2023:06:30:05 +0000] "GET /user/form HTTP/1.1" 304 -
::1 - - [15/Feb/2023:06:30:06 +0000] "GET /user/getDetails?page=1&limit=10 HTTP/1.1" 304 -
::1 - - [15/Feb/2023:06:30:12 +0000] "GET /user/form HTTP/1.1" 304 -
::1 - - [15/Feb/2023:06:30:13 +0000] "GET /user/getDetails?page=1&limit=10 HTTP/1.1" 304 -
::1 - - [15/Feb/2023:06:30:18 +0000] "GET /user/form HTTP/1.1" 304 -
::1 - - [15/Feb/2023:06:30:18 +0000] "GET /user/getDetails?page=1&limit=10 HTTP/1.1" 304 -
::1 - - [15/Feb/2023:06:30:29 +0000] "GET /user/form HTTP/1.1" 304 -
::1 - - [15/Feb/2023:06:30:30 +0000] "GET /user/getDetails?page=1&limit=10 HTTP/1.1" 304 -
::1 - - [15/Feb/2023:06:30:34 +0000] "GET /user/form HTTP/1.1" 304 -
::1 - - [15/Feb/2023:06:30:35 +0000] "GET /user/getDetails?page=1&limit=10 HTTP/1.1" 304 -
::1 - - [15/Feb/2023:06:30:46 +0000] "GET /user/form HTTP/1.1" 304 -
::1 - - [15/Feb/2023:06:30:47 +0000] "GET /user/getDetails?page=1&limit=10 HTTP/1.1" 304 -
::1 - - [15/Feb/2023:06:31:56 +0000] "GET /user/form HTTP/1.1" 304 -
::1 - - [15/Feb/2023:06:31:56 +0000] "GET /user/getDetails?page=1&limit=10 HTTP/1.1" 304 -
::1 - - [15/Feb/2023:06:32:20 +0000] "GET /user/form HTTP/1.1" 304 -
::ffff:127.0.0.1 - - [15/Feb/2023:06:32:21 +0000] "GET /user/getDetails?page=1&limit=10 HTTP/1.1" 304 -
::1 - - [15/Feb/2023:06:32:27 +0000] "GET /user/form HTTP/1.1" 304 -
::ffff:127.0.0.1 - - [15/Feb/2023:06:32:28 +0000] "GET /user/getDetails?page=1&limit=10 HTTP/1.1" 304 -
::1 - - [15/Feb/2023:06:32:42 +0000] "GET /user/form HTTP/1.1" 304 -
::ffff:127.0.0.1 - - [15/Feb/2023:06:32:42 +0000] "GET /user/getDetails?page=1&limit=10 HTTP/1.1" 304 -
::1 - - [15/Feb/2023:06:33:15 +0000] "GET /user/form HTTP/1.1" 304 -
::1 - - [15/Feb/2023:06:33:16 +0000] "GET /user/getDetails?page=1&limit=10 HTTP/1.1" 304 -
::1 - - [15/Feb/2023:06:33:29 +0000] "GET /user/form HTTP/1.1" 304 -
::1 - - [15/Feb/2023:06:33:30 +0000] "GET /user/getDetails?page=1&limit=10 HTTP/1.1" 304 -
::1 - - [15/Feb/2023:06:34:17 +0000] "GET /user/form HTTP/1.1" 304 -
::1 - - [15/Feb/2023:06:34:18 +0000] "GET /user/getDetails?page=1&limit=10 HTTP/1.1" 304 -
::1 - - [15/Feb/2023:06:34:38 +0000] "GET /user/form HTTP/1.1" 304 -
::1 - - [15/Feb/2023:06:34:39 +0000] "GET /user/getDetails?page=1&limit=10 HTTP/1.1" 304 -
::1 - - [15/Feb/2023:06:35:00 +0000] "GET /user/form HTTP/1.1" 304 -
::ffff:127.0.0.1 - - [15/Feb/2023:06:35:00 +0000] "GET /user/getDetails?page=1&limit=10 HTTP/1.1" 304 -
::1 - - [15/Feb/2023:06:35:38 +0000] "GET /user/form HTTP/1.1" 304 -
::ffff:127.0.0.1 - - [15/Feb/2023:06:35:38 +0000] "GET /user/getDetails?page=1&limit=10 HTTP/1.1" 304 -
::1 - - [15/Feb/2023:06:36:03 +0000] "GET /user/form HTTP/1.1" 304 -
::ffff:127.0.0.1 - - [15/Feb/2023:06:36:04 +0000] "GET /user/getDetails?page=1&limit=10 HTTP/1.1" 304 -
::1 - - [15/Feb/2023:06:36:39 +0000] "GET /user/form HTTP/1.1" 304 -
::1 - - [15/Feb/2023:06:36:40 +0000] "GET /user/getDetails?page=1&limit=10 HTTP/1.1" 304 -
::1 - - [15/Feb/2023:06:36:51 +0000] "DELETE /user/delete/24/1233 HTTP/1.1" 200 2
::1 - - [15/Feb/2023:06:36:55 +0000] "DELETE /user/delete/46/136 HTTP/1.1" 200 2
::1 - - [15/Feb/2023:06:38:03 +0000] "GET /user/form HTTP/1.1" 304 -
::1 - - [15/Feb/2023:06:38:03 +0000] "GET /user/getDetails?page=1&limit=10 HTTP/1.1" 200 1733
::1 - - [15/Feb/2023:06:38:04 +0000] "DELETE /user/delete/25/136 HTTP/1.1" 200 2
::1 - - [15/Feb/2023:06:38:07 +0000] "DELETE /user/delete/33/15 HTTP/1.1" 200 2
::1 - - [15/Feb/2023:06:38:08 +0000] "GET /user/form HTTP/1.1" 304 -
::1 - - [15/Feb/2023:06:38:09 +0000] "GET /user/getDetails?page=1&limit=10 HTTP/1.1" 200 1580
::1 - - [15/Feb/2023:06:38:11 +0000] "DELETE /user/delete/49/136 HTTP/1.1" 200 2
::1 - - [15/Feb/2023:06:38:13 +0000] "GET /user/form HTTP/1.1" 304 -
::1 - - [15/Feb/2023:06:38:13 +0000] "GET /user/getDetails?page=1&limit=10 HTTP/1.1" 200 1417
::1 - - [15/Feb/2023:06:39:40 +0000] "GET /user/form HTTP/1.1" 304 -
::1 - - [15/Feb/2023:06:39:41 +0000] "GET /user/getDetails?page=1&limit=10 HTTP/1.1" 304 -
::1 - - [15/Feb/2023:06:39:55 +0000] "DELETE /user/delete/34/65 HTTP/1.1" 200 2
::1 - - [15/Feb/2023:06:39:56 +0000] "DELETE /user/delete/35/650 HTTP/1.1" 200 2
::1 - - [15/Feb/2023:06:39:57 +0000] "GET /user/form HTTP/1.1" 304 -
::1 - - [15/Feb/2023:06:39:58 +0000] "GET /user/getDetails?page=1&limit=10 HTTP/1.1" 200 1100
::ffff:127.0.0.1 - - [15/Feb/2023:06:40:40 +0000] "GET /user/form HTTP/1.1" 304 -
::1 - - [15/Feb/2023:06:40:41 +0000] "GET /user/getDetails?page=1&limit=10 HTTP/1.1" 304 -
::ffff:127.0.0.1 - - [15/Feb/2023:06:41:16 +0000] "GET /user/form HTTP/1.1" 304 -
::ffff:127.0.0.1 - - [15/Feb/2023:06:41:17 +0000] "GET /user/getDetails?page=1&limit=10 HTTP/1.1" 304 -
::1 - - [15/Feb/2023:06:41:23 +0000] "GET /user/form HTTP/1.1" 304 -
::1 - - [15/Feb/2023:06:41:23 +0000] "GET /user/getDetails?page=1&limit=10 HTTP/1.1" 304 -
::1 - - [15/Feb/2023:06:41:40 +0000] "GET /user/form HTTP/1.1" 304 -
::1 - - [15/Feb/2023:06:41:40 +0000] "GET /user/getDetails?page=1&limit=10 HTTP/1.1" 304 -
::1 - - [15/Feb/2023:06:41:50 +0000] "GET /user/form HTTP/1.1" 304 -
::1 - - [15/Feb/2023:06:41:50 +0000] "GET /user/getDetails?page=1&limit=10 HTTP/1.1" 304 -
::1 - - [15/Feb/2023:06:42:02 +0000] "GET /user/form HTTP/1.1" 304 -
::1 - - [15/Feb/2023:06:42:03 +0000] "GET /user/getDetails?page=1&limit=10 HTTP/1.1" 304 -
::1 - - [15/Feb/2023:06:42:08 +0000] "GET /user/form HTTP/1.1" 304 -
::1 - - [15/Feb/2023:06:42:08 +0000] "GET /user/getDetails?page=1&limit=10 HTTP/1.1" 304 -
::1 - - [15/Feb/2023:06:42:17 +0000] "GET /user/form HTTP/1.1" 304 -
::1 - - [15/Feb/2023:06:42:17 +0000] "GET /user/getDetails?page=1&limit=10 HTTP/1.1" 304 -
::1 - - [15/Feb/2023:06:42:40 +0000] "GET /user/form HTTP/1.1" 304 -
::1 - - [15/Feb/2023:06:42:41 +0000] "GET /user/getDetails?page=1&limit=10 HTTP/1.1" 304 -
::1 - - [15/Feb/2023:06:42:53 +0000] "GET /user/form HTTP/1.1" 304 -
::1 - - [15/Feb/2023:06:42:54 +0000] "GET /user/getDetails?page=1&limit=10 HTTP/1.1" 304 -
::1 - - [15/Feb/2023:06:43:17 +0000] "GET /user/form HTTP/1.1" 304 -
::1 - - [15/Feb/2023:06:43:17 +0000] "GET /user/getDetails?page=1&limit=10 HTTP/1.1" 304 -
::1 - - [15/Feb/2023:06:43:27 +0000] "GET /user/form?amount=1233&desc=watched+movies&category=Movies HTTP/1.1" 200 3473
::1 - - [15/Feb/2023:06:43:27 +0000] "POST /user/form HTTP/1.1" 201 -
::1 - - [15/Feb/2023:06:43:28 +0000] "GET /user/getDetails?page=1&limit=10 HTTP/1.1" 200 1266
::1 - - [15/Feb/2023:06:43:34 +0000] "GET /user/form?amount=1233&desc=watched+movies&category=Movies HTTP/1.1" 304 -
::1 - - [15/Feb/2023:06:43:35 +0000] "GET /user/getDetails?page=1&limit=5 HTTP/1.1" 200 938
::1 - - [15/Feb/2023:06:43:36 +0000] "GET /user/getDetails?page=2&limit=5 HTTP/1.1" 200 476
::1 - - [15/Feb/2023:06:43:38 +0000] "GET /user/form?amount=1233&desc=watched+movies&category=Movies HTTP/1.1" 304 -
::1 - - [15/Feb/2023:06:43:39 +0000] "GET /user/getDetails?page=1&limit=5 HTTP/1.1" 304 -
::1 - - [15/Feb/2023:06:43:41 +0000] "GET /user/getDetails?page=2&limit=5 HTTP/1.1" 304 -
::1 - - [15/Feb/2023:06:43:42 +0000] "GET /user/form?amount=1233&desc=watched+movies&category=Movies HTTP/1.1" 304 -
::1 - - [15/Feb/2023:06:43:43 +0000] "GET /user/getDetails?page=1&limit=5 HTTP/1.1" 304 -
::1 - - [15/Feb/2023:06:44:24 +0000] "GET /user/form?amount=1233&desc=watched+movies&category=Movies HTTP/1.1" 304 -
::1 - - [15/Feb/2023:06:44:25 +0000] "GET /user/getDetails?page=1&limit=5 HTTP/1.1" 304 -
::1 - - [15/Feb/2023:06:44:28 +0000] "GET /user/getDetails?page=2&limit=5 HTTP/1.1" 304 -
::1 - - [15/Feb/2023:06:44:35 +0000] "GET /user/getDetails?page=1&limit=5 HTTP/1.1" 304 -
::1 - - [15/Feb/2023:06:44:37 +0000] "GET /user/form?amount=1233&desc=watched+movies&category=Movies HTTP/1.1" 304 -
::1 - - [15/Feb/2023:06:44:38 +0000] "GET /user/getDetails?page=1&limit=10 HTTP/1.1" 304 -
::1 - - [15/Feb/2023:06:44:44 +0000] "GET /user/form?amount=1233&desc=watched+movies&category=Movies HTTP/1.1" 304 -
::1 - - [15/Feb/2023:06:44:44 +0000] "GET /user/getDetails?page=1&limit=5 HTTP/1.1" 304 -
::1 - - [15/Feb/2023:06:44:46 +0000] "GET /user/getDetails?page=2&limit=5 HTTP/1.1" 304 -
::1 - - [15/Feb/2023:06:45:22 +0000] "GET /user/form?amount=1233&desc=watched+movies&category=Movies HTTP/1.1" 304 -
::1 - - [15/Feb/2023:06:45:23 +0000] "GET /user/getDetails?page=1&limit=5 HTTP/1.1" 304 -
::1 - - [15/Feb/2023:06:46:12 +0000] "GET /user/form?amount=1233&desc=watched+movies&category=Movies HTTP/1.1" 304 -
::1 - - [15/Feb/2023:06:46:12 +0000] "GET /user/getDetails?page=1&limit=5 HTTP/1.1" 304 -
::1 - - [15/Feb/2023:06:46:19 +0000] "GET /user/form?amount=1233&desc=watched+movies&category=Movies HTTP/1.1" 304 -
::1 - - [15/Feb/2023:06:46:19 +0000] "GET /user/getDetails?page=1&limit=5 HTTP/1.1" 304 -
::1 - - [15/Feb/2023:06:46:29 +0000] "GET /user/form?amount=1233&desc=watched+movies&category=Movies HTTP/1.1" 304 -
::1 - - [15/Feb/2023:06:46:29 +0000] "GET /user/getDetails?page=1&limit=5 HTTP/1.1" 304 -
::1 - - [15/Feb/2023:06:46:35 +0000] "GET /user/form?amount=1233&desc=watched+movies&category=Movies HTTP/1.1" 304 -
::1 - - [15/Feb/2023:06:46:35 +0000] "GET /user/getDetails?page=1&limit=5 HTTP/1.1" 304 -
::1 - - [15/Feb/2023:06:46:40 +0000] "GET /user/form?amount=1233&desc=watched+movies&category=Movies HTTP/1.1" 304 -
::1 - - [15/Feb/2023:06:46:41 +0000] "GET /user/getDetails?page=1&limit=5 HTTP/1.1" 304 -
::1 - - [15/Feb/2023:06:46:45 +0000] "GET /user/form?amount=1233&desc=watched+movies&category=Movies HTTP/1.1" 304 -
::1 - - [15/Feb/2023:06:46:45 +0000] "GET /user/getDetails?page=1&limit=5 HTTP/1.1" 304 -
::1 - - [15/Feb/2023:06:46:49 +0000] "DELETE /user/delete/36/986 HTTP/1.1" 200 2
::1 - - [15/Feb/2023:06:46:51 +0000] "GET /user/form?amount=1233&desc=watched+movies&category=Movies HTTP/1.1" 304 -
::1 - - [15/Feb/2023:06:46:51 +0000] "GET /user/getDetails?page=1&limit=5 HTTP/1.1" 200 944
::1 - - [15/Feb/2023:06:46:55 +0000] "GET /user/form?amount=1233&desc=watched+movies&category=Movies HTTP/1.1" 304 -
::1 - - [15/Feb/2023:06:46:56 +0000] "GET /user/getDetails?page=1&limit=10 HTTP/1.1" 200 1111
::1 - - [15/Feb/2023:06:46:59 +0000] "GET /user/form?amount=1233&desc=watched+movies&category=Movies HTTP/1.1" 304 -
::1 - - [15/Feb/2023:06:46:59 +0000] "GET /user/getDetails?page=1&limit=5 HTTP/1.1" 304 -
::1 - - [15/Feb/2023:06:47:00 +0000] "GET /user/getDetails?page=2&limit=5 HTTP/1.1" 200 315
::1 - - [15/Feb/2023:06:47:49 +0000] "GET /user/form?amount=1233&desc=watched+movies&category=Movies HTTP/1.1" 304 -
::1 - - [15/Feb/2023:06:47:50 +0000] "GET /user/getDetails?page=1&limit=5 HTTP/1.1" 304 -
::1 - - [15/Feb/2023:06:48:15 +0000] "GET /user/getDetails?page=2&limit=5 HTTP/1.1" 304 -
::1 - - [15/Feb/2023:06:49:34 +0000] "GET /user/form?amount=1233&desc=watched+movies&category=Movies HTTP/1.1" 304 -
::ffff:127.0.0.1 - - [15/Feb/2023:06:49:35 +0000] "GET /user/getDetails?page=1&limit=5 HTTP/1.1" 304 -
::ffff:127.0.0.1 - - [15/Feb/2023:06:49:37 +0000] "GET /user/getDetails?page=2&limit=5 HTTP/1.1" 304 -
::1 - - [15/Feb/2023:06:49:48 +0000] "GET /user/getDetails?page=1&limit=5 HTTP/1.1" 304 -
::1 - - [15/Feb/2023:06:49:49 +0000] "GET /user/form?amount=1233&desc=watched+movies&category=Movies HTTP/1.1" 304 -
::1 - - [15/Feb/2023:06:49:50 +0000] "GET /user/getDetails?page=1&limit=5 HTTP/1.1" 304 -
::1 - - [15/Feb/2023:06:49:52 +0000] "GET /user/getDetails?page=2&limit=5 HTTP/1.1" 304 -
::1 - - [15/Feb/2023:06:49:53 +0000] "GET /user/getDetails?page=1&limit=5 HTTP/1.1" 304 -
::1 - - [15/Feb/2023:06:49:55 +0000] "GET /user/getDetails?page=2&limit=5 HTTP/1.1" 304 -
::1 - - [15/Feb/2023:06:49:56 +0000] "GET /user/form?amount=1233&desc=watched+movies&category=Movies HTTP/1.1" 304 -
::1 - - [15/Feb/2023:06:49:56 +0000] "GET /user/getDetails?page=1&limit=5 HTTP/1.1" 304 -
::1 - - [15/Feb/2023:06:49:59 +0000] "GET /user/getDetails?page=2&limit=5 HTTP/1.1" 304 -
::1 - - [15/Feb/2023:06:50:09 +0000] "GET /user/form?amount=1368&desc=backpack&category=Fashion HTTP/1.1" 200 3473
::1 - - [15/Feb/2023:06:50:09 +0000] "POST /user/form HTTP/1.1" 201 -
::1 - - [15/Feb/2023:06:50:10 +0000] "GET /user/getDetails?page=1&limit=5 HTTP/1.1" 304 -
::1 - - [15/Feb/2023:06:50:11 +0000] "GET /user/getDetails?page=2&limit=5 HTTP/1.1" 200 476
::1 - - [15/Feb/2023:06:50:13 +0000] "GET /user/getDetails?page=1&limit=5 HTTP/1.1" 304 -
::1 - - [15/Feb/2023:06:52:05 +0000] "GET /user/form?amount=1368&desc=backpack&category=Fashion HTTP/1.1" 200 3486
::ffff:127.0.0.1 - - [15/Feb/2023:06:52:06 +0000] "GET /user/getDetails?page=1&limit=5 HTTP/1.1" 304 -
::ffff:127.0.0.1 - - [15/Feb/2023:06:52:29 +0000] "GET /user/form?amount=1368&desc=backpack&category=Fashion HTTP/1.1" 304 -
::1 - - [15/Feb/2023:06:52:30 +0000] "GET /user/getDetails?page=1&limit=5 HTTP/1.1" 304 -
::1 - - [15/Feb/2023:06:52:43 +0000] "GET /user/form?amount=1368&desc=backpack&category=Fashion HTTP/1.1" 304 -
::ffff:127.0.0.1 - - [15/Feb/2023:06:52:43 +0000] "GET /user/getDetails?page=1&limit=5 HTTP/1.1" 304 -
::1 - - [15/Feb/2023:06:52:52 +0000] "GET /user/form?amount=1368&desc=backpack&category=Fashion HTTP/1.1" 304 -
::1 - - [15/Feb/2023:06:52:53 +0000] "GET /user/getDetails?page=1&limit=10 HTTP/1.1" 200 1272
::1 - - [15/Feb/2023:06:52:56 +0000] "GET /user/form?amount=1368&desc=backpack&category=Fashion HTTP/1.1" 304 -
::1 - - [15/Feb/2023:06:52:56 +0000] "GET /user/getDetails?page=1&limit=5 HTTP/1.1" 304 -
::1 - - [15/Feb/2023:06:52:59 +0000] "GET /downloaded/mainPage HTTP/1.1" 304 -
::1 - - [15/Feb/2023:06:52:59 +0000] "GET /downloaded/links HTTP/1.1" 200 604
::1 - - [15/Feb/2023:06:53:04 +0000] "GET /download HTTP/1.1" 200 100
::1 - - [15/Feb/2023:06:53:08 +0000] "GET /downloaded/mainPage HTTP/1.1" 304 -
::1 - - [15/Feb/2023:06:53:08 +0000] "GET /downloaded/links HTTP/1.1" 200 803
::1 - - [15/Feb/2023:06:53:11 +0000] "GET /downloaded/mainPage HTTP/1.1" 304 -
::1 - - [15/Feb/2023:06:53:11 +0000] "GET /downloaded/links HTTP/1.1" 304 -
::1 - - [15/Feb/2023:06:53:34 +0000] "GET /user/form?amount=1368&desc=backpack&category=Fashion HTTP/1.1" 304 -
::1 - - [15/Feb/2023:06:53:34 +0000] "GET /user/getDetails?page=1&limit=5 HTTP/1.1" 304 -
::1 - - [15/Feb/2023:06:53:36 +0000] "GET /premium/leaderboard HTTP/1.1" 200 126
::1 - - [15/Feb/2023:06:53:40 +0000] "DELETE /user/delete/48/132115 HTTP/1.1" 200 2
::1 - - [15/Feb/2023:06:53:42 +0000] "GET /user/form?amount=1368&desc=backpack&category=Fashion HTTP/1.1" 304 -
::1 - - [15/Feb/2023:06:53:42 +0000] "GET /user/getDetails?page=1&limit=5 HTTP/1.1" 200 949
::1 - - [15/Feb/2023:06:53:44 +0000] "GET /premium/leaderboard HTTP/1.1" 200 124
::1 - - [15/Feb/2023:06:53:47 +0000] "GET /user/form?amount=1368&desc=backpack&category=Fashion HTTP/1.1" 304 -
::1 - - [15/Feb/2023:06:53:47 +0000] "GET /user/getDetails?page=1&limit=5 HTTP/1.1" 304 -
::1 - - [15/Feb/2023:06:53:49 +0000] "GET /premium/leaderboard HTTP/1.1" 304 -
::1 - - [15/Feb/2023:06:54:30 +0000] "GET /user/form?amount=1368&desc=backpack&category=Fashion HTTP/1.1" 304 -
::1 - - [15/Feb/2023:06:54:30 +0000] "GET /user/getDetails?page=1&limit=5 HTTP/1.1" 304 -
::1 - - [15/Feb/2023:06:54:31 +0000] "GET /premium/leaderboard HTTP/1.1" 304 -
::1 - - [15/Feb/2023:06:54:46 +0000] "GET /user/form?amount=1368&desc=backpack&category=Fashion HTTP/1.1" 304 -
::1 - - [15/Feb/2023:06:54:47 +0000] "GET /user/getDetails?page=1&limit=5 HTTP/1.1" 304 -
::1 - - [15/Feb/2023:06:54:48 +0000] "GET /premium/leaderboard HTTP/1.1" 304 -
::1 - - [15/Feb/2023:06:55:03 +0000] "GET /user/form?amount=1368&desc=backpack&category=Fashion HTTP/1.1" 304 -
::1 - - [15/Feb/2023:06:55:04 +0000] "GET /user/getDetails?page=1&limit=5 HTTP/1.1" 304 -
::1 - - [15/Feb/2023:06:55:05 +0000] "GET /premium/leaderboard HTTP/1.1" 304 -
::1 - - [15/Feb/2023:06:55:24 +0000] "GET /user/form?amount=1368&desc=backpack&category=Fashion HTTP/1.1" 304 -
::1 - - [15/Feb/2023:06:55:24 +0000] "GET /user/getDetails?page=1&limit=5 HTTP/1.1" 304 -
::1 - - [15/Feb/2023:06:55:31 +0000] "GET /user/form?amount=1368&desc=backpack&category=Fashion HTTP/1.1" 304 -
::1 - - [15/Feb/2023:06:55:31 +0000] "GET /user/getDetails?page=1&limit=5 HTTP/1.1" 304 -
::1 - - [15/Feb/2023:06:55:35 +0000] "GET /user/form?amount=1368&desc=backpack&category=Fashion HTTP/1.1" 304 -
::1 - - [15/Feb/2023:06:55:36 +0000] "GET /user/getDetails?page=1&limit=5 HTTP/1.1" 304 -
::1 - - [15/Feb/2023:06:55:38 +0000] "GET /user/getDetails?page=2&limit=5 HTTP/1.1" 200 310
::1 - - [15/Feb/2023:06:56:07 +0000] "GET /user/form?amount=1368&desc=backpack&category=Fashion HTTP/1.1" 304 -
::1 - - [15/Feb/2023:06:56:07 +0000] "GET /user/getDetails?page=1&limit=5 HTTP/1.1" 200 949
::1 - - [15/Feb/2023:06:56:44 +0000] "GET /user/form?amount=1368&desc=backpack&category=Fashion HTTP/1.1" 304 -
::1 - - [15/Feb/2023:06:56:44 +0000] "GET /user/getDetails?page=1&limit=5 HTTP/1.1" 304 -
::1 - - [15/Feb/2023:06:57:48 +0000] "GET /user/form?amount=1368&desc=backpack&category=Fashion HTTP/1.1" 304 -
::1 - - [15/Feb/2023:06:57:49 +0000] "GET /user/getDetails?page=1&limit=5 HTTP/1.1" 304 -
::1 - - [15/Feb/2023:06:57:59 +0000] "GET /user/form?amount=1368&desc=backpack&category=Fashion HTTP/1.1" 304 -
::1 - - [15/Feb/2023:06:57:59 +0000] "GET /user/getDetails?page=1&limit=5 HTTP/1.1" 304 -
::1 - - [15/Feb/2023:06:58:11 +0000] "GET /user/form?amount=1368&desc=backpack&category=Fashion HTTP/1.1" 304 -
::1 - - [15/Feb/2023:06:58:11 +0000] "GET /user/getDetails?page=1&limit=5 HTTP/1.1" 304 -
::1 - - [15/Feb/2023:06:58:48 +0000] "GET /user/form?amount=1368&desc=backpack&category=Fashion HTTP/1.1" 304 -
::1 - - [15/Feb/2023:06:58:48 +0000] "GET /user/getDetails?page=1&limit=5 HTTP/1.1" 304 -
::1 - - [15/Feb/2023:06:58:55 +0000] "GET /user/form?amount=1368&desc=backpack&category=Fashion HTTP/1.1" 304 -
::1 - - [15/Feb/2023:06:58:56 +0000] "GET /user/getDetails?page=1&limit=5 HTTP/1.1" 304 -
::1 - - [15/Feb/2023:06:59:09 +0000] "GET /user/form?amount=1368&desc=backpack&category=Fashion HTTP/1.1" 200 3486
::1 - - [15/Feb/2023:06:59:09 +0000] "GET /user/getDetails?page=1&limit=5 HTTP/1.1" 304 -
::1 - - [15/Feb/2023:06:59:26 +0000] "GET /user/form?amount=1368&desc=backpack&category=Fashion HTTP/1.1" 200 3524
::1 - - [15/Feb/2023:06:59:26 +0000] "GET /user/getDetails?page=1&limit=5 HTTP/1.1" 304 -
::1 - - [15/Feb/2023:06:59:46 +0000] "GET /user/form?amount=1368&desc=backpack&category=Fashion HTTP/1.1" 304 -
::1 - - [15/Feb/2023:06:59:47 +0000] "GET /user/getDetails?page=1&limit=5 HTTP/1.1" 304 -
::1 - - [15/Feb/2023:06:59:51 +0000] "GET /user/form?amount=1368&desc=backpack&category=Fashion HTTP/1.1" 304 -
::1 - - [15/Feb/2023:06:59:51 +0000] "GET /user/getDetails?page=1&limit=5 HTTP/1.1" 304 -
::1 - - [15/Feb/2023:06:59:55 +0000] "GET /user/form?amount=1368&desc=backpack&category=Fashion HTTP/1.1" 304 -
::1 - - [15/Feb/2023:06:59:56 +0000] "GET /user/getDetails?page=1&limit=5 HTTP/1.1" 304 -
::1 - - [15/Feb/2023:07:00:01 +0000] "GET /user/form?amount=1368&desc=backpack&category=Fashion HTTP/1.1" 304 -
::1 - - [15/Feb/2023:07:00:02 +0000] "GET /user/getDetails?page=1&limit=5 HTTP/1.1" 304 -
::1 - - [15/Feb/2023:07:00:08 +0000] "GET /user/form?amount=1368&desc=backpack&category=Fashion HTTP/1.1" 304 -
::1 - - [15/Feb/2023:07:00:08 +0000] "GET /user/getDetails?page=1&limit=5 HTTP/1.1" 304 -
::1 - - [15/Feb/2023:07:00:23 +0000] "GET /user/form?amount=1368&desc=backpack&category=Fashion HTTP/1.1" 304 -
::1 - - [15/Feb/2023:07:00:24 +0000] "GET /user/getDetails?page=1&limit=5 HTTP/1.1" 304 -
::1 - - [15/Feb/2023:07:00:35 +0000] "GET /user/form?amount=1368&desc=backpack&category=Fashion HTTP/1.1" 304 -
::1 - - [15/Feb/2023:07:00:36 +0000] "GET /user/getDetails?page=1&limit=5 HTTP/1.1" 304 -
::1 - - [15/Feb/2023:07:00:39 +0000] "GET /user/form?amount=1368&desc=backpack&category=Fashion HTTP/1.1" 304 -
::1 - - [15/Feb/2023:07:00:39 +0000] "GET /user/getDetails?page=1&limit=5 HTTP/1.1" 304 -
::1 - - [15/Feb/2023:07:00:40 +0000] "GET /user/form?amount=1368&desc=backpack&category=Fashion HTTP/1.1" 304 -
::1 - - [15/Feb/2023:07:00:41 +0000] "GET /user/getDetails?page=1&limit=5 HTTP/1.1" 304 -
::1 - - [15/Feb/2023:07:00:48 +0000] "GET /user/form?amount=1368&desc=backpack&category=Fashion HTTP/1.1" 304 -
::1 - - [15/Feb/2023:07:00:48 +0000] "GET /user/getDetails?page=1&limit=5 HTTP/1.1" 304 -
::1 - - [15/Feb/2023:07:00:52 +0000] "GET /user/form?amount=1368&desc=backpack&category=Fashion HTTP/1.1" 304 -
::1 - - [15/Feb/2023:07:00:53 +0000] "GET /user/getDetails?page=1&limit=5 HTTP/1.1" 304 -
::1 - - [15/Feb/2023:07:00:57 +0000] "GET /user/form?amount=1368&desc=backpack&category=Fashion HTTP/1.1" 304 -
::1 - - [15/Feb/2023:07:00:57 +0000] "GET /user/getDetails?page=1&limit=5 HTTP/1.1" 304 -
::1 - - [15/Feb/2023:07:01:14 +0000] "GET /user/form?amount=1368&desc=backpack&category=Fashion HTTP/1.1" 304 -
::1 - - [15/Feb/2023:07:01:14 +0000] "GET /user/getDetails?page=1&limit=5 HTTP/1.1" 304 -
::1 - - [15/Feb/2023:07:01:25 +0000] "GET /user/form?amount=1368&desc=backpack&category=Fashion HTTP/1.1" 304 -
::1 - - [15/Feb/2023:07:01:26 +0000] "GET /user/getDetails?page=1&limit=5 HTTP/1.1" 304 -
::1 - - [15/Feb/2023:07:01:29 +0000] "GET /user/form?amount=1368&desc=backpack&category=Fashion HTTP/1.1" 304 -
::1 - - [15/Feb/2023:07:01:30 +0000] "GET /user/getDetails?page=1&limit=5 HTTP/1.1" 304 -
::1 - - [15/Feb/2023:07:01:36 +0000] "GET /user/form?amount=1368&desc=backpack&category=Fashion HTTP/1.1" 304 -
::1 - - [15/Feb/2023:07:01:36 +0000] "GET /user/getDetails?page=1&limit=5 HTTP/1.1" 304 -
::1 - - [15/Feb/2023:07:02:18 +0000] "GET /user/form?amount=1368&desc=backpack&category=Fashion HTTP/1.1" 304 -
::1 - - [15/Feb/2023:07:02:19 +0000] "GET /user/getDetails?page=1&limit=5 HTTP/1.1" 304 -
::1 - - [15/Feb/2023:07:02:25 +0000] "GET /premium/leaderboard HTTP/1.1" 304 -
::1 - - [15/Feb/2023:07:02:30 +0000] "GET /user/form?amount=1368&desc=backpack&category=Fashion HTTP/1.1" 304 -
::1 - - [15/Feb/2023:07:02:31 +0000] "GET /user/getDetails?page=1&limit=5 HTTP/1.1" 304 -
::1 - - [15/Feb/2023:07:02:46 +0000] "GET /user/form?amount=1368&desc=backpack&category=Fashion HTTP/1.1" 304 -
::1 - - [15/Feb/2023:07:02:47 +0000] "GET /user/getDetails?page=1&limit=5 HTTP/1.1" 304 -
::1 - - [15/Feb/2023:07:02:58 +0000] "GET /user/form?amount=1368&desc=backpack&category=Fashion HTTP/1.1" 304 -
::1 - - [15/Feb/2023:07:02:58 +0000] "GET /user/getDetails?page=1&limit=5 HTTP/1.1" 304 -
::1 - - [15/Feb/2023:07:03:13 +0000] "GET /user/form?amount=1368&desc=backpack&category=Fashion HTTP/1.1" 304 -
::1 - - [15/Feb/2023:07:03:14 +0000] "GET /user/getDetails?page=1&limit=5 HTTP/1.1" 304 -
::1 - - [15/Feb/2023:07:04:13 +0000] "GET /user/form?amount=1368&desc=backpack&category=Fashion HTTP/1.1" 200 3797
::1 - - [15/Feb/2023:07:04:14 +0000] "GET /user/getDetails?page=1&limit=5 HTTP/1.1" 304 -
::1 - - [15/Feb/2023:07:04:49 +0000] "GET /user/form?amount=1368&desc=backpack&category=Fashion HTTP/1.1" 200 3751
::1 - - [15/Feb/2023:07:04:49 +0000] "GET /user/getDetails?page=1&limit=5 HTTP/1.1" 304 -
::1 - - [15/Feb/2023:07:09:04 +0000] "GET /user/form?amount=1368&desc=backpack&category=Fashion HTTP/1.1" 304 -
::1 - - [15/Feb/2023:07:09:04 +0000] "GET /user/getDetails?page=1&limit=5 HTTP/1.1" 304 -
::1 - - [15/Feb/2023:07:09:16 +0000] "GET /user/form?amount=1368&desc=backpack&category=Fashion HTTP/1.1" 304 -
::1 - - [15/Feb/2023:07:09:16 +0000] "GET /user/getDetails?page=1&limit=5 HTTP/1.1" 304 -
::1 - - [15/Feb/2023:07:09:25 +0000] "GET /user/getDetails?page=2&limit=5 HTTP/1.1" 200 310
::1 - - [15/Feb/2023:07:09:27 +0000] "GET /user/getDetails?page=1&limit=5 HTTP/1.1" 304 -
::1 - - [15/Feb/2023:07:11:17 +0000] "GET /user/form?amount=1368&desc=backpack&category=Fashion HTTP/1.1" 304 -
::1 - - [15/Feb/2023:07:11:18 +0000] "GET /user/getDetails?page=1&limit=20 HTTP/1.1" 200 1111
::1 - - [15/Feb/2023:07:11:20 +0000] "GET /user/form?amount=1368&desc=backpack&category=Fashion HTTP/1.1" 304 -
::1 - - [15/Feb/2023:07:11:21 +0000] "GET /user/getDetails?page=1&limit=5 HTTP/1.1" 304 -
::1 - - [15/Feb/2023:07:11:25 +0000] "GET /purchase/premiummembership HTTP/1.1" 403 263
::1 - - [15/Feb/2023:07:11:38 +0000] "GET /user/form?amount=1368&desc=backpack&category=Fashion HTTP/1.1" 304 -
::1 - - [15/Feb/2023:07:11:38 +0000] "GET /user/getDetails?page=1&limit=5 HTTP/1.1" 304 -
::1 - - [15/Feb/2023:07:11:51 +0000] "GET /user/form?amount=1368&desc=backpack&category=Fashion HTTP/1.1" 304 -
::1 - - [15/Feb/2023:07:11:52 +0000] "GET /user/getDetails?page=1&limit=5 HTTP/1.1" 304 -
::1 - - [15/Feb/2023:07:14:00 +0000] "GET /user/form?amount=1368&desc=backpack&category=Fashion HTTP/1.1" 304 -
::1 - - [15/Feb/2023:07:14:01 +0000] "GET /user/getDetails?page=1&limit=5 HTTP/1.1" 304 -
::1 - - [15/Feb/2023:07:14:03 +0000] "GET /user/form?amount=1368&desc=backpack&category=Fashion HTTP/1.1" 304 -
::1 - - [15/Feb/2023:07:14:03 +0000] "GET /user/getDetails?page=1&limit=5 HTTP/1.1" 304 -
::1 - - [15/Feb/2023:07:14:05 +0000] "GET /user/form?amount=1368&desc=backpack&category=Fashion HTTP/1.1" 304 -
::1 - - [15/Feb/2023:07:14:05 +0000] "GET /user/getDetails?page=1&limit=5 HTTP/1.1" 304 -
::1 - - [15/Feb/2023:07:14:06 +0000] "GET /user/form?amount=1368&desc=backpack&category=Fashion HTTP/1.1" 304 -
::1 - - [15/Feb/2023:07:14:07 +0000] "GET /user/getDetails?page=1&limit=5 HTTP/1.1" 304 -
::1 - - [15/Feb/2023:07:14:08 +0000] "GET /user/form?amount=1368&desc=backpack&category=Fashion HTTP/1.1" 304 -
::1 - - [15/Feb/2023:07:14:09 +0000] "GET /user/getDetails?page=1&limit=5 HTTP/1.1" 304 -
::1 - - [15/Feb/2023:07:15:04 +0000] "GET /user/form?amount=1368&desc=backpack&category=Fashion HTTP/1.1" 304 -
::1 - - [15/Feb/2023:07:15:05 +0000] "GET /user/getDetails?page=1&limit=5 HTTP/1.1" 304 -
::1 - - [15/Feb/2023:07:15:18 +0000] "GET /user/form?amount=1368&desc=backpack&category=Fashion HTTP/1.1" 304 -
::1 - - [15/Feb/2023:07:15:18 +0000] "GET /user/getDetails?page=1&limit=5 HTTP/1.1" 304 -
::1 - - [15/Feb/2023:07:16:00 +0000] "GET /user/form?amount=1368&desc=backpack&category=Fashion HTTP/1.1" 304 -
::1 - - [15/Feb/2023:07:16:00 +0000] "GET /user/getDetails?page=1&limit=5 HTTP/1.1" 200 949
::1 - - [15/Feb/2023:07:16:44 +0000] "GET /user/form?amount=1368&desc=backpack&category=Fashion HTTP/1.1" 304 -
::1 - - [15/Feb/2023:07:16:45 +0000] "GET /user/getDetails?page=1&limit=5 HTTP/1.1" 304 -
::1 - - [15/Feb/2023:07:17:02 +0000] "GET /user/form?amount=1368&desc=backpack&category=Fashion HTTP/1.1" 304 -
::1 - - [15/Feb/2023:07:17:03 +0000] "GET /user/getDetails?page=1&limit=5 HTTP/1.1" 304 -
::1 - - [15/Feb/2023:07:17:16 +0000] "GET /user/form?amount=1368&desc=backpack&category=Fashion HTTP/1.1" 304 -
::1 - - [15/Feb/2023:07:17:16 +0000] "GET /user/getDetails?page=1&limit=5 HTTP/1.1" 304 -
::1 - - [15/Feb/2023:07:17:31 +0000] "GET /user/form?amount=1368&desc=backpack&category=Fashion HTTP/1.1" 304 -
::1 - - [15/Feb/2023:07:17:32 +0000] "GET /user/getDetails?page=1&limit=5 HTTP/1.1" 304 -
::1 - - [15/Feb/2023:07:17:51 +0000] "GET /user/form?amount=1368&desc=backpack&category=Fashion HTTP/1.1" 304 -
::1 - - [15/Feb/2023:07:17:51 +0000] "GET /user/getDetails?page=1&limit=5 HTTP/1.1" 304 -
::1 - - [15/Feb/2023:07:17:59 +0000] "GET /user/form?amount=1368&desc=backpack&category=Fashion HTTP/1.1" 304 -
::1 - - [15/Feb/2023:07:18:00 +0000] "GET /user/getDetails?page=1&limit=5 HTTP/1.1" 304 -
::1 - - [15/Feb/2023:07:18:06 +0000] "GET /user/form?amount=1368&desc=backpack&category=Fashion HTTP/1.1" 304 -
::1 - - [15/Feb/2023:07:18:06 +0000] "GET /user/getDetails?page=1&limit=5 HTTP/1.1" 304 -
::1 - - [15/Feb/2023:07:18:13 +0000] "GET /user/form?amount=1368&desc=backpack&category=Fashion HTTP/1.1" 304 -
::1 - - [15/Feb/2023:07:18:13 +0000] "GET /user/getDetails?page=1&limit=5 HTTP/1.1" 304 -
::1 - - [15/Feb/2023:07:18:31 +0000] "GET /user/form?amount=1368&desc=backpack&category=Fashion HTTP/1.1" 304 -
::1 - - [15/Feb/2023:07:18:32 +0000] "GET /user/getDetails?page=1&limit=5 HTTP/1.1" 304 -
::1 - - [15/Feb/2023:07:18:42 +0000] "GET /user/form?amount=1368&desc=backpack&category=Fashion HTTP/1.1" 304 -
::1 - - [15/Feb/2023:07:18:43 +0000] "GET /user/getDetails?page=1&limit=5 HTTP/1.1" 304 -
::1 - - [15/Feb/2023:07:18:48 +0000] "GET /user/form?amount=1368&desc=backpack&category=Fashion HTTP/1.1" 304 -
::1 - - [15/Feb/2023:07:18:48 +0000] "GET /user/getDetails?page=1&limit=5 HTTP/1.1" 304 -
::1 - - [15/Feb/2023:07:18:57 +0000] "GET /user/form?amount=1368&desc=backpack&category=Fashion HTTP/1.1" 304 -
::1 - - [15/Feb/2023:07:18:58 +0000] "GET /user/getDetails?page=1&limit=5 HTTP/1.1" 304 -
::1 - - [15/Feb/2023:07:19:07 +0000] "GET /user/form?amount=1368&desc=backpack&category=Fashion HTTP/1.1" 304 -
::1 - - [15/Feb/2023:07:19:07 +0000] "GET /user/getDetails?page=1&limit=5 HTTP/1.1" 304 -
::1 - - [15/Feb/2023:07:19:13 +0000] "GET /user/form?amount=1368&desc=backpack&category=Fashion HTTP/1.1" 304 -
::1 - - [15/Feb/2023:07:19:13 +0000] "GET /user/getDetails?page=1&limit=5 HTTP/1.1" 304 -
::1 - - [15/Feb/2023:07:19:19 +0000] "GET /user/form?amount=1368&desc=backpack&category=Fashion HTTP/1.1" 304 -
::1 - - [15/Feb/2023:07:19:19 +0000] "GET /user/getDetails?page=1&limit=5 HTTP/1.1" 304 -
::1 - - [15/Feb/2023:07:19:24 +0000] "GET /user/form?amount=1368&desc=backpack&category=Fashion HTTP/1.1" 304 -
::1 - - [15/Feb/2023:07:19:24 +0000] "GET /user/getDetails?page=1&limit=5 HTTP/1.1" 304 -
::1 - - [15/Feb/2023:07:19:28 +0000] "GET /premium/leaderboard HTTP/1.1" 304 -
::1 - - [15/Feb/2023:07:36:45 +0000] "GET /user/form?amount=1368&desc=backpack&category=Fashion HTTP/1.1" 304 -
::1 - - [15/Feb/2023:07:36:45 +0000] "GET /user/getDetails?page=1&limit=5 HTTP/1.1" 304 -
::1 - - [15/Feb/2023:07:37:15 +0000] "GET /user/form?amount=45654&desc=asdasdasd&category=Grocery HTTP/1.1" 200 3751
::1 - - [15/Feb/2023:07:37:15 +0000] "POST /user/form HTTP/1.1" 201 -
::1 - - [15/Feb/2023:07:37:15 +0000] "GET /user/getDetails?page=1&limit=5 HTTP/1.1" 304 -
::1 - - [15/Feb/2023:07:37:19 +0000] "GET /user/form?amount=45654&desc=asdasdasd&category=Grocery HTTP/1.1" 304 -
::1 - - [15/Feb/2023:07:37:20 +0000] "GET /user/getDetails?page=1&limit=5 HTTP/1.1" 304 -
::1 - - [15/Feb/2023:07:37:31 +0000] "GET /user/form?amount=458665&desc=polioipoia&category=Grocery HTTP/1.1" 200 3751
::1 - - [15/Feb/2023:07:37:31 +0000] "POST /user/form HTTP/1.1" 201 -
::1 - - [15/Feb/2023:07:37:31 +0000] "GET /user/getDetails?page=1&limit=5 HTTP/1.1" 304 -
::1 - - [15/Feb/2023:07:37:46 +0000] "GET /user/form?amount=458665&desc=polioipoia&category=Grocery HTTP/1.1" 304 -
::1 - - [15/Feb/2023:07:37:46 +0000] "GET /user/getDetails?page=1&limit=10 HTTP/1.1" 200 1439
::1 - - [15/Feb/2023:07:37:52 +0000] "GET /user/form?amount=458665&desc=polioipoia&category=Grocery HTTP/1.1" 304 -
::1 - - [15/Feb/2023:07:37:52 +0000] "GET /user/getDetails?page=1&limit=5 HTTP/1.1" 304 -
::1 - - [15/Feb/2023:07:37:53 +0000] "GET /user/getDetails?page=2&limit=5 HTTP/1.1" 200 638
::1 - - [15/Feb/2023:07:38:00 +0000] "GET /user/getDetails?page=1&limit=5 HTTP/1.1" 304 -
::1 - - [15/Feb/2023:07:38:02 +0000] "GET /user/form?amount=458665&desc=polioipoia&category=Grocery HTTP/1.1" 304 -
::1 - - [15/Feb/2023:07:38:02 +0000] "GET /user/getDetails?page=1&limit=5 HTTP/1.1" 304 -
::1 - - [15/Feb/2023:07:38:03 +0000] "GET /user/getDetails?page=2&limit=5 HTTP/1.1" 304 -
::1 - - [15/Feb/2023:07:38:04 +0000] "DELETE /user/delete/62/458665 HTTP/1.1" 200 2
::1 - - [15/Feb/2023:07:38:05 +0000] "DELETE /user/delete/61/45654 HTTP/1.1" 200 2
::1 - - [15/Feb/2023:07:38:06 +0000] "GET /user/form?amount=458665&desc=polioipoia&category=Grocery HTTP/1.1" 304 -
::1 - - [15/Feb/2023:07:38:07 +0000] "GET /user/getDetails?page=1&limit=5 HTTP/1.1" 304 -
::1 - - [15/Feb/2023:07:38:08 +0000] "GET /user/getDetails?page=1&limit=5 HTTP/1.1" 304 -
::1 - - [15/Feb/2023:07:38:10 +0000] "GET /user/form?amount=458665&desc=polioipoia&category=Grocery HTTP/1.1" 304 -
::1 - - [15/Feb/2023:07:38:11 +0000] "GET /user/getDetails?page=1&limit=5 HTTP/1.1" 304 -
::ffff:127.0.0.1 - - [15/Feb/2023:07:39:22 +0000] "GET /user/form?amount=458665&desc=polioipoia&category=Grocery HTTP/1.1" 304 -
::1 - - [15/Feb/2023:07:39:22 +0000] "GET /user/getDetails?page=1&limit=5 HTTP/1.1" 304 -
::1 - - [15/Feb/2023:07:39:23 +0000] "GET /user/getDetails?page=2&limit=5 HTTP/1.1" 200 310
::1 - - [15/Feb/2023:07:39:25 +0000] "GET /user/getDetails?page=1&limit=5 HTTP/1.1" 304 -
::1 - - [15/Feb/2023:07:39:26 +0000] "GET /user/form?amount=458665&desc=polioipoia&category=Grocery HTTP/1.1" 304 -
::ffff:127.0.0.1 - - [15/Feb/2023:07:39:27 +0000] "GET /user/getDetails?page=1&limit=5 HTTP/1.1" 304 -
::ffff:127.0.0.1 - - [15/Feb/2023:07:39:28 +0000] "GET /user/getDetails?page=2&limit=5 HTTP/1.1" 304 -
::ffff:127.0.0.1 - - [15/Feb/2023:07:39:29 +0000] "GET /user/getDetails?page=1&limit=5 HTTP/1.1" 304 -
::ffff:127.0.0.1 - - [15/Feb/2023:07:39:31 +0000] "GET /user/form?amount=458665&desc=polioipoia&category=Grocery HTTP/1.1" 304 -
::1 - - [15/Feb/2023:07:39:32 +0000] "GET /user/getDetails?page=1&limit=5 HTTP/1.1" 304 -
::ffff:127.0.0.1 - - [15/Feb/2023:07:40:07 +0000] "GET /user/form?amount=458665&desc=polioipoia&category=Grocery HTTP/1.1" 304 -
::1 - - [15/Feb/2023:07:40:07 +0000] "GET /user/getDetails?page=1&limit=5 HTTP/1.1" 304 -
::1 - - [15/Feb/2023:07:40:09 +0000] "GET /user/getDetails?page=2&limit=5 HTTP/1.1" 304 -
::1 - - [15/Feb/2023:07:40:10 +0000] "GET /user/getDetails?page=1&limit=5 HTTP/1.1" 304 -
::1 - - [15/Feb/2023:07:40:12 +0000] "GET /user/form?amount=458665&desc=polioipoia&category=Grocery HTTP/1.1" 304 -
::ffff:127.0.0.1 - - [15/Feb/2023:07:40:12 +0000] "GET /user/getDetails?page=1&limit=5 HTTP/1.1" 304 -
::1 - - [15/Feb/2023:07:41:08 +0000] "GET /user/form?amount=458665&desc=polioipoia&category=Grocery HTTP/1.1" 304 -
::1 - - [15/Feb/2023:07:41:24 +0000] "GET /user/form?amount=458665&desc=polioipoia&category=Grocery HTTP/1.1" 304 -
::1 - - [15/Feb/2023:07:41:26 +0000] "GET /user/form?amount=458665&desc=polioipoia&category=Grocery HTTP/1.1" 304 -
::1 - - [15/Feb/2023:07:41:38 +0000] "GET /user/form?amount=458665&desc=polioipoia&category=Grocery HTTP/1.1" 304 -
::ffff:127.0.0.1 - - [15/Feb/2023:07:41:38 +0000] "GET /user/getDetails?page=1&limit=5 HTTP/1.1" 304 -
::1 - - [15/Feb/2023:07:43:19 +0000] "GET /user/form?amount=458665&desc=polioipoia&category=Grocery HTTP/1.1" 304 -
::ffff:127.0.0.1 - - [15/Feb/2023:07:43:19 +0000] "GET /user/getDetails?page=1&limit=5 HTTP/1.1" 304 -
::1 - - [15/Feb/2023:07:43:59 +0000] "GET /user/form?amount=458665&desc=polioipoia&category=Grocery HTTP/1.1" 304 -
::ffff:127.0.0.1 - - [15/Feb/2023:07:44:00 +0000] "GET /user/getDetails?page=1&limit=5 HTTP/1.1" 304 -
::1 - - [15/Feb/2023:07:45:10 +0000] "GET /user/form?amount=458665&desc=polioipoia&category=Grocery HTTP/1.1" 200 3830
::ffff:127.0.0.1 - - [15/Feb/2023:07:45:11 +0000] "GET /user/getDetails?page=1&limit=5 HTTP/1.1" 304 -
::1 - - [15/Feb/2023:07:45:18 +0000] "GET /user/form?amount=458665&desc=polioipoia&category=Grocery HTTP/1.1" 304 -
::ffff:127.0.0.1 - - [15/Feb/2023:07:45:19 +0000] "GET /user/getDetails?page=1&limit=5 HTTP/1.1" 304 -
::1 - - [15/Feb/2023:07:45:46 +0000] "GET /user/form?amount=458665&desc=polioipoia&category=Grocery HTTP/1.1" 304 -
::1 - - [15/Feb/2023:07:45:46 +0000] "GET /user/getDetails?page=1&limit=5 HTTP/1.1" 304 -
::1 - - [15/Feb/2023:07:45:48 +0000] "GET /user/getDetails?page=2&limit=5 HTTP/1.1" 304 -
::1 - - [15/Feb/2023:07:45:49 +0000] "GET /user/getDetails?page=1&limit=5 HTTP/1.1" 304 -
::1 - - [15/Feb/2023:07:45:50 +0000] "GET /user/getDetails?page=2&limit=5 HTTP/1.1" 304 -
::1 - - [15/Feb/2023:07:45:52 +0000] "GET /user/getDetails?page=1&limit=5 HTTP/1.1" 304 -
::1 - - [15/Feb/2023:07:46:02 +0000] "GET /user/form?amount=458665&desc=polioipoia&category=Grocery HTTP/1.1" 304 -
::1 - - [15/Feb/2023:07:46:02 +0000] "GET /user/getDetails?page=1&limit=5 HTTP/1.1" 304 -
::ffff:127.0.0.1 - - [15/Feb/2023:07:46:41 +0000] "GET /user/form?amount=458665&desc=polioipoia&category=Grocery HTTP/1.1" 304 -
::1 - - [15/Feb/2023:07:46:41 +0000] "GET /user/getDetails?page=1&limit=5 HTTP/1.1" 304 -
::ffff:127.0.0.1 - - [15/Feb/2023:07:46:52 +0000] "GET /user/form?amount=458665&desc=polioipoia&category=Grocery HTTP/1.1" 200 3784
::1 - - [15/Feb/2023:07:46:52 +0000] "GET /user/getDetails?page=1&limit=5 HTTP/1.1" 304 -
::1 - - [15/Feb/2023:07:47:21 +0000] "GET /user/form?amount=458665&desc=polioipoia&category=Grocery HTTP/1.1" 304 -
::ffff:127.0.0.1 - - [15/Feb/2023:07:47:22 +0000] "GET /user/getDetails?page=1&limit=5 HTTP/1.1" 304 -
::ffff:127.0.0.1 - - [15/Feb/2023:07:47:23 +0000] "GET /user/getDetails?page=2&limit=5 HTTP/1.1" 304 -
::ffff:127.0.0.1 - - [15/Feb/2023:07:47:24 +0000] "GET /user/getDetails?page=1&limit=5 HTTP/1.1" 304 -
::ffff:127.0.0.1 - - [15/Feb/2023:07:47:26 +0000] "GET /user/form?amount=458665&desc=polioipoia&category=Grocery HTTP/1.1" 304 -
::1 - - [15/Feb/2023:07:47:26 +0000] "GET /user/getDetails?page=1&limit=5 HTTP/1.1" 304 -
::1 - - [15/Feb/2023:07:47:48 +0000] "GET /user/form?amount=458665&desc=polioipoia&category=Grocery HTTP/1.1" 304 -
::ffff:127.0.0.1 - - [15/Feb/2023:07:47:49 +0000] "GET /user/getDetails?page=1&limit=5 HTTP/1.1" 304 -
::ffff:127.0.0.1 - - [15/Feb/2023:07:47:50 +0000] "GET /user/getDetails?page=2&limit=5 HTTP/1.1" 304 -
::ffff:127.0.0.1 - - [15/Feb/2023:07:47:51 +0000] "GET /user/getDetails?page=1&limit=5 HTTP/1.1" 304 -
::ffff:127.0.0.1 - - [15/Feb/2023:07:47:52 +0000] "GET /user/form?amount=458665&desc=polioipoia&category=Grocery HTTP/1.1" 304 -
::1 - - [15/Feb/2023:07:47:53 +0000] "GET /user/getDetails?page=1&limit=5 HTTP/1.1" 304 -
::1 - - [15/Feb/2023:07:49:23 +0000] "GET /user/form?amount=458665&desc=polioipoia&category=Grocery HTTP/1.1" 304 -
::1 - - [15/Feb/2023:07:49:24 +0000] "GET /user/getDetails?page=1&limit=5 HTTP/1.1" 304 -
::1 - - [15/Feb/2023:07:49:25 +0000] "GET /user/getDetails?page=2&limit=5 HTTP/1.1" 304 -
::1 - - [15/Feb/2023:07:49:27 +0000] "GET /user/form?amount=458665&desc=polioipoia&category=Grocery HTTP/1.1" 304 -
::1 - - [15/Feb/2023:07:49:28 +0000] "GET /user/getDetails?page=1&limit=5 HTTP/1.1" 304 -
::1 - - [15/Feb/2023:07:49:29 +0000] "GET /user/getDetails?page=1&limit=5 HTTP/1.1" 304 -
::1 - - [15/Feb/2023:07:49:31 +0000] "GET /user/form?amount=458665&desc=polioipoia&category=Grocery HTTP/1.1" 304 -
::1 - - [15/Feb/2023:07:49:31 +0000] "GET /user/getDetails?page=1&limit=5 HTTP/1.1" 304 -
::1 - - [15/Feb/2023:07:49:32 +0000] "GET /user/getDetails?page=2&limit=5 HTTP/1.1" 304 -
::1 - - [15/Feb/2023:07:49:52 +0000] "GET /user/form?amount=458665&desc=polioipoia&category=Grocery HTTP/1.1" 304 -
::ffff:127.0.0.1 - - [15/Feb/2023:07:49:52 +0000] "GET /user/getDetails?page=1&limit=5 HTTP/1.1" 304 -
::ffff:127.0.0.1 - - [15/Feb/2023:07:49:54 +0000] "GET /user/getDetails?page=2&limit=5 HTTP/1.1" 304 -
::ffff:127.0.0.1 - - [15/Feb/2023:07:49:56 +0000] "GET /user/form?amount=458665&desc=polioipoia&category=Grocery HTTP/1.1" 304 -
::1 - - [15/Feb/2023:07:49:56 +0000] "GET /user/getDetails?page=1&limit=5 HTTP/1.1" 304 -
::1 - - [15/Feb/2023:07:49:57 +0000] "GET /user/getDetails?page=2&limit=5 HTTP/1.1" 304 -
::1 - - [15/Feb/2023:07:50:00 +0000] "GET /user/form?amount=458665&desc=polioipoia&category=Grocery HTTP/1.1" 304 -
::ffff:127.0.0.1 - - [15/Feb/2023:07:50:00 +0000] "GET /user/getDetails?page=1&limit=5 HTTP/1.1" 304 -
::ffff:127.0.0.1 - - [15/Feb/2023:07:50:02 +0000] "GET /user/getDetails?page=1&limit=5 HTTP/1.1" 304 -
::ffff:127.0.0.1 - - [15/Feb/2023:07:50:04 +0000] "GET /user/form?amount=458665&desc=polioipoia&category=Grocery HTTP/1.1" 304 -
::1 - - [15/Feb/2023:07:50:05 +0000] "GET /user/getDetails?page=1&limit=5 HTTP/1.1" 304 -
::1 - - [15/Feb/2023:07:50:31 +0000] "GET /user/form?amount=458665&desc=polioipoia&category=Grocery HTTP/1.1" 304 -
::ffff:127.0.0.1 - - [15/Feb/2023:07:50:31 +0000] "GET /user/getDetails?page=1&limit=5 HTTP/1.1" 304 -
::ffff:127.0.0.1 - - [15/Feb/2023:07:50:33 +0000] "GET /user/getDetails?page=2&limit=5 HTTP/1.1" 304 -
::ffff:127.0.0.1 - - [15/Feb/2023:07:50:35 +0000] "GET /user/form?amount=458665&desc=polioipoia&category=Grocery HTTP/1.1" 304 -
::1 - - [15/Feb/2023:07:50:35 +0000] "GET /user/getDetails?page=1&limit=5 HTTP/1.1" 304 -
::1 - - [15/Feb/2023:07:50:36 +0000] "GET /user/getDetails?page=1&limit=5 HTTP/1.1" 304 -
::1 - - [15/Feb/2023:07:52:33 +0000] "GET /user/form?amount=458665&desc=polioipoia&category=Grocery HTTP/1.1" 304 -
::1 - - [15/Feb/2023:07:52:34 +0000] "GET /user/getDetails?page=1&limit=5 HTTP/1.1" 304 -
::1 - - [15/Feb/2023:07:52:35 +0000] "GET /user/getDetails?page=2&limit=5 HTTP/1.1" 304 -
::1 - - [15/Feb/2023:07:52:43 +0000] "GET /user/form?amount=458665&desc=polioipoia&category=Grocery HTTP/1.1" 304 -
::ffff:127.0.0.1 - - [15/Feb/2023:07:52:43 +0000] "GET /user/getDetails?page=1&limit=5 HTTP/1.1" 304 -
::ffff:127.0.0.1 - - [15/Feb/2023:07:52:44 +0000] "GET /user/getDetails?page=2&limit=5 HTTP/1.1" 304 -
::1 - - [15/Feb/2023:07:52:49 +0000] "GET /user/form?amount=458665&desc=polioipoia&category=Grocery HTTP/1.1" 304 -
::ffff:127.0.0.1 - - [15/Feb/2023:07:52:50 +0000] "GET /user/getDetails?page=1&limit=5 HTTP/1.1" 304 -
::ffff:127.0.0.1 - - [15/Feb/2023:07:52:51 +0000] "GET /user/getDetails?page=2&limit=5 HTTP/1.1" 304 -
::1 - - [15/Feb/2023:07:52:57 +0000] "GET /user/form?amount=458665&desc=polioipoia&category=Grocery HTTP/1.1" 304 -
::ffff:127.0.0.1 - - [15/Feb/2023:07:52:58 +0000] "GET /user/getDetails?page=1&limit=5 HTTP/1.1" 304 -
::ffff:127.0.0.1 - - [15/Feb/2023:07:52:59 +0000] "GET /user/getDetails?page=2&limit=5 HTTP/1.1" 304 -
::1 - - [15/Feb/2023:07:53:08 +0000] "GET /user/form?amount=458665&desc=polioipoia&category=Grocery HTTP/1.1" 304 -
::ffff:127.0.0.1 - - [15/Feb/2023:07:53:09 +0000] "GET /user/getDetails?page=1&limit=5 HTTP/1.1" 304 -
::ffff:127.0.0.1 - - [15/Feb/2023:07:53:10 +0000] "GET /user/getDetails?page=2&limit=5 HTTP/1.1" 304 -
::ffff:127.0.0.1 - - [15/Feb/2023:07:53:11 +0000] "GET /user/form?amount=458665&desc=polioipoia&category=Grocery HTTP/1.1" 304 -
::1 - - [15/Feb/2023:07:53:12 +0000] "GET /user/getDetails?page=1&limit=5 HTTP/1.1" 304 -
::1 - - [15/Feb/2023:07:53:13 +0000] "GET /user/getDetails?page=2&limit=5 HTTP/1.1" 304 -
::1 - - [15/Feb/2023:07:53:14 +0000] "GET /user/form?amount=458665&desc=polioipoia&category=Grocery HTTP/1.1" 304 -
::ffff:127.0.0.1 - - [15/Feb/2023:07:53:15 +0000] "GET /user/getDetails?page=1&limit=5 HTTP/1.1" 304 -
::1 - - [15/Feb/2023:07:57:13 +0000] "GET /user/form?amount=458665&desc=polioipoia&category=Grocery HTTP/1.1" 304 -
::1 - - [15/Feb/2023:07:57:14 +0000] "GET /user/getDetails?page=1&limit=5 HTTP/1.1" 304 -
::1 - - [15/Feb/2023:07:57:16 +0000] "GET /user/getDetails?page=2&limit=5 HTTP/1.1" 304 -
::1 - - [15/Feb/2023:07:57:18 +0000] "GET /user/form?amount=458665&desc=polioipoia&category=Grocery HTTP/1.1" 304 -
::1 - - [15/Feb/2023:07:57:18 +0000] "GET /user/getDetails?page=1&limit=5 HTTP/1.1" 304 -
::1 - - [15/Feb/2023:07:57:26 +0000] "GET /user/form?amount=458665&desc=polioipoia&category=Grocery HTTP/1.1" 304 -
::ffff:127.0.0.1 - - [15/Feb/2023:07:57:27 +0000] "GET /user/getDetails?page=1&limit=5 HTTP/1.1" 304 -
::ffff:127.0.0.1 - - [15/Feb/2023:07:57:28 +0000] "GET /user/getDetails?page=2&limit=5 HTTP/1.1" 304 -
::1 - - [15/Feb/2023:07:57:34 +0000] "GET /user/form?amount=458665&desc=polioipoia&category=Grocery HTTP/1.1" 304 -
::ffff:127.0.0.1 - - [15/Feb/2023:07:57:34 +0000] "GET /user/getDetails?page=1&limit=5 HTTP/1.1" 304 -
::ffff:127.0.0.1 - - [15/Feb/2023:07:57:35 +0000] "GET /user/getDetails?page=2&limit=5 HTTP/1.1" 304 -
::ffff:127.0.0.1 - - [15/Feb/2023:07:57:37 +0000] "GET /user/form?amount=458665&desc=polioipoia&category=Grocery HTTP/1.1" 304 -
::1 - - [15/Feb/2023:07:57:38 +0000] "GET /user/getDetails?page=1&limit=5 HTTP/1.1" 304 -
::ffff:127.0.0.1 - - [15/Feb/2023:07:58:00 +0000] "GET /user/form?amount=458665&desc=polioipoia&category=Grocery HTTP/1.1" 304 -
::1 - - [15/Feb/2023:07:58:00 +0000] "GET /user/getDetails?page=1&limit=5 HTTP/1.1" 304 -
::1 - - [15/Feb/2023:07:58:01 +0000] "GET /user/getDetails?page=2&limit=5 HTTP/1.1" 304 -
::1 - - [15/Feb/2023:07:58:03 +0000] "GET /user/form?amount=458665&desc=polioipoia&category=Grocery HTTP/1.1" 304 -
::ffff:127.0.0.1 - - [15/Feb/2023:07:58:03 +0000] "GET /user/getDetails?page=1&limit=5 HTTP/1.1" 304 -
::1 - - [15/Feb/2023:07:58:25 +0000] "GET /user/form?amount=458665&desc=polioipoia&category=Grocery HTTP/1.1" 304 -
::ffff:127.0.0.1 - - [15/Feb/2023:07:58:26 +0000] "GET /user/getDetails?page=1&limit=5 HTTP/1.1" 304 -
::ffff:127.0.0.1 - - [15/Feb/2023:07:58:27 +0000] "GET /user/getDetails?page=2&limit=5 HTTP/1.1" 304 -
::ffff:127.0.0.1 - - [15/Feb/2023:07:58:29 +0000] "GET /user/form?amount=458665&desc=polioipoia&category=Grocery HTTP/1.1" 304 -
::1 - - [15/Feb/2023:07:58:29 +0000] "GET /user/getDetails?page=1&limit=5 HTTP/1.1" 304 -
::1 - - [15/Feb/2023:07:59:10 +0000] "GET /user/form?amount=458665&desc=polioipoia&category=Grocery HTTP/1.1" 304 -
::1 - - [15/Feb/2023:07:59:10 +0000] "GET /user/getDetails?page=1&limit=5 HTTP/1.1" 304 -
::1 - - [15/Feb/2023:07:59:11 +0000] "GET /user/getDetails?page=2&limit=5 HTTP/1.1" 304 -
::1 - - [15/Feb/2023:07:59:16 +0000] "GET /user/form?amount=458665&desc=polioipoia&category=Grocery HTTP/1.1" 304 -
::1 - - [15/Feb/2023:07:59:17 +0000] "GET /user/getDetails?page=1&limit=5 HTTP/1.1" 304 -
::1 - - [15/Feb/2023:07:59:18 +0000] "GET /user/getDetails?page=2&limit=5 HTTP/1.1" 304 -
::1 - - [15/Feb/2023:07:59:38 +0000] "GET /user/form?amount=458665&desc=polioipoia&category=Grocery HTTP/1.1" 304 -
::1 - - [15/Feb/2023:07:59:39 +0000] "GET /user/getDetails?page=1&limit=5 HTTP/1.1" 304 -
::1 - - [15/Feb/2023:07:59:51 +0000] "GET /user/form?amount=458665&desc=polioipoia&category=Grocery HTTP/1.1" 304 -
::ffff:127.0.0.1 - - [15/Feb/2023:07:59:52 +0000] "GET /user/getDetails?page=1&limit=5 HTTP/1.1" 304 -
::ffff:127.0.0.1 - - [15/Feb/2023:07:59:53 +0000] "GET /user/getDetails?page=2&limit=5 HTTP/1.1" 304 -
::ffff:127.0.0.1 - - [15/Feb/2023:07:59:54 +0000] "GET /user/getDetails?page=1&limit=5 HTTP/1.1" 304 -
::ffff:127.0.0.1 - - [15/Feb/2023:07:59:56 +0000] "GET /user/form?amount=458665&desc=polioipoia&category=Grocery HTTP/1.1" 304 -
::1 - - [15/Feb/2023:07:59:57 +0000] "GET /user/getDetails?page=1&limit=5 HTTP/1.1" 304 -
::1 - - [15/Feb/2023:08:00:43 +0000] "GET /user/form?amount=458665&desc=polioipoia&category=Grocery HTTP/1.1" 304 -
::1 - - [15/Feb/2023:08:00:44 +0000] "GET /user/getDetails?page=1&limit=5 HTTP/1.1" 304 -
::1 - - [15/Feb/2023:08:00:45 +0000] "GET /user/getDetails?page=2&limit=5 HTTP/1.1" 304 -
::1 - - [15/Feb/2023:08:00:46 +0000] "GET /user/getDetails?page=1&limit=5 HTTP/1.1" 304 -
::1 - - [15/Feb/2023:08:00:48 +0000] "GET /user/form?amount=458665&desc=polioipoia&category=Grocery HTTP/1.1" 304 -
::1 - - [15/Feb/2023:08:00:48 +0000] "GET /user/getDetails?page=1&limit=5 HTTP/1.1" 304 -
::1 - - [15/Feb/2023:08:00:50 +0000] "GET /user/getDetails?page=2&limit=5 HTTP/1.1" 304 -
::1 - - [15/Feb/2023:08:00:51 +0000] "GET /user/getDetails?page=1&limit=5 HTTP/1.1" 304 -
::1 - - [15/Feb/2023:08:00:53 +0000] "GET /user/getDetails?page=2&limit=5 HTTP/1.1" 304 -
::1 - - [15/Feb/2023:08:00:54 +0000] "GET /user/getDetails?page=1&limit=5 HTTP/1.1" 304 -
::1 - - [15/Feb/2023:08:01:11 +0000] "GET /user/getDetails?page=2&limit=5 HTTP/1.1" 304 -
::1 - - [15/Feb/2023:08:01:16 +0000] "GET /user/form?amount=458665&desc=polioipoia&category=Grocery HTTP/1.1" 304 -
::1 - - [15/Feb/2023:08:01:16 +0000] "GET /user/getDetails?page=1&limit=10 HTTP/1.1" 200 1111
::1 - - [15/Feb/2023:08:02:52 +0000] "GET /user/form?amount=458665&desc=polioipoia&category=Grocery HTTP/1.1" 304 -
::1 - - [15/Feb/2023:08:02:52 +0000] "GET /user/getDetails?page=1&limit=10 HTTP/1.1" 304 -
::1 - - [15/Feb/2023:08:03:02 +0000] "GET /user/form?amount=458665&desc=polioipoia&category=Grocery HTTP/1.1" 304 -
::1 - - [15/Feb/2023:08:03:03 +0000] "GET /user/getDetails?page=1&limit=10 HTTP/1.1" 304 -
::1 - - [15/Feb/2023:08:03:20 +0000] "GET /user/form?amount=458665&desc=polioipoia&category=Grocery HTTP/1.1" 304 -
::1 - - [15/Feb/2023:08:03:20 +0000] "GET /user/getDetails?page=1&limit=10 HTTP/1.1" 304 -
::1 - - [15/Feb/2023:08:03:37 +0000] "GET /user/form?amount=458665&desc=polioipoia&category=Grocery HTTP/1.1" 304 -
::1 - - [15/Feb/2023:08:03:37 +0000] "GET /user/getDetails?page=1&limit=10 HTTP/1.1" 304 -
::1 - - [15/Feb/2023:08:03:44 +0000] "GET /user/form?amount=458665&desc=polioipoia&category=Grocery HTTP/1.1" 304 -
::1 - - [15/Feb/2023:08:03:45 +0000] "GET /user/getDetails?page=1&limit=10 HTTP/1.1" 304 -
::1 - - [15/Feb/2023:08:04:01 +0000] "GET /user/form?amount=458665&desc=polioipoia&category=Grocery HTTP/1.1" 304 -
::1 - - [15/Feb/2023:08:04:02 +0000] "GET /user/getDetails?page=1&limit=10 HTTP/1.1" 304 -
::1 - - [15/Feb/2023:08:04:30 +0000] "GET /user/form?amount=458665&desc=polioipoia&category=Grocery HTTP/1.1" 304 -
::1 - - [15/Feb/2023:08:04:31 +0000] "GET /user/getDetails?page=1&limit=10 HTTP/1.1" 304 -
::1 - - [15/Feb/2023:08:04:47 +0000] "GET /user/form?amount=458665&desc=polioipoia&category=Grocery HTTP/1.1" 200 3809
::1 - - [15/Feb/2023:08:04:48 +0000] "GET /user/getDetails?page=1&limit=10 HTTP/1.1" 304 -
::1 - - [15/Feb/2023:08:04:59 +0000] "GET /user/form?amount=458665&desc=polioipoia&category=Grocery HTTP/1.1" 200 3784
::1 - - [15/Feb/2023:08:04:59 +0000] "GET /user/getDetails?page=1&limit=10 HTTP/1.1" 304 -
::1 - - [15/Feb/2023:08:05:16 +0000] "GET /user/form?amount=458665&desc=polioipoia&category=Grocery HTTP/1.1" 304 -
::1 - - [15/Feb/2023:08:05:16 +0000] "GET /user/getDetails?page=1&limit=10 HTTP/1.1" 304 -
::1 - - [15/Feb/2023:08:05:28 +0000] "GET /user/form?amount=458665&desc=polioipoia&category=Grocery HTTP/1.1" 304 -
::1 - - [15/Feb/2023:08:05:29 +0000] "GET /user/getDetails?page=1&limit=10 HTTP/1.1" 304 -
::1 - - [15/Feb/2023:08:05:51 +0000] "GET /user/form?amount=458665&desc=polioipoia&category=Grocery HTTP/1.1" 304 -
::1 - - [15/Feb/2023:08:05:52 +0000] "GET /user/getDetails?page=1&limit=10 HTTP/1.1" 304 -
::1 - - [15/Feb/2023:08:06:15 +0000] "GET /user/form?amount=458665&desc=polioipoia&category=Grocery HTTP/1.1" 304 -
::1 - - [15/Feb/2023:08:06:15 +0000] "GET /user/getDetails?page=1&limit=10 HTTP/1.1" 304 -
::1 - - [15/Feb/2023:08:06:20 +0000] "GET /user/form?amount=458665&desc=polioipoia&category=Grocery HTTP/1.1" 304 -
::1 - - [15/Feb/2023:08:06:20 +0000] "GET /user/getDetails?page=1&limit=10 HTTP/1.1" 304 -
::1 - - [15/Feb/2023:08:06:26 +0000] "GET /user/form?amount=458665&desc=polioipoia&category=Grocery HTTP/1.1" 304 -
::1 - - [15/Feb/2023:08:06:26 +0000] "GET /user/getDetails?page=1&limit=10 HTTP/1.1" 304 -
::1 - - [15/Feb/2023:08:06:32 +0000] "GET /user/form?amount=458665&desc=polioipoia&category=Grocery HTTP/1.1" 304 -
::1 - - [15/Feb/2023:08:06:32 +0000] "GET /user/getDetails?page=1&limit=10 HTTP/1.1" 304 -
::1 - - [15/Feb/2023:08:06:51 +0000] "GET /user/form?amount=458665&desc=polioipoia&category=Grocery HTTP/1.1" 304 -
::1 - - [15/Feb/2023:08:06:52 +0000] "GET /user/getDetails?page=1&limit=10 HTTP/1.1" 304 -
::1 - - [15/Feb/2023:08:07:02 +0000] "GET /user/form?amount=458665&desc=polioipoia&category=Grocery HTTP/1.1" 304 -
::1 - - [15/Feb/2023:08:07:02 +0000] "GET /user/getDetails?page=1&limit=10 HTTP/1.1" 304 -
::1 - - [15/Feb/2023:08:07:08 +0000] "GET /user/form?amount=458665&desc=polioipoia&category=Grocery HTTP/1.1" 304 -
::1 - - [15/Feb/2023:08:07:08 +0000] "GET /user/getDetails?page=1&limit=10 HTTP/1.1" 304 -
::1 - - [15/Feb/2023:08:08:40 +0000] "GET /user/form?amount=458665&desc=polioipoia&category=Grocery HTTP/1.1" 304 -
::1 - - [15/Feb/2023:08:08:41 +0000] "GET /user/getDetails?page=1&limit=10 HTTP/1.1" 304 -
::1 - - [15/Feb/2023:08:08:53 +0000] "GET /user/form?amount=458665&desc=polioipoia&category=Grocery HTTP/1.1" 304 -
::1 - - [15/Feb/2023:08:08:53 +0000] "GET /user/getDetails?page=1&limit=10 HTTP/1.1" 304 -
::1 - - [15/Feb/2023:08:08:58 +0000] "GET /user/form?amount=458665&desc=polioipoia&category=Grocery HTTP/1.1" 304 -
::1 - - [15/Feb/2023:08:08:58 +0000] "GET /user/getDetails?page=1&limit=10 HTTP/1.1" 304 -
::1 - - [15/Feb/2023:08:09:06 +0000] "GET /user/form?amount=458665&desc=polioipoia&category=Grocery HTTP/1.1" 304 -
::1 - - [15/Feb/2023:08:09:07 +0000] "GET /user/getDetails?page=1&limit=10 HTTP/1.1" 304 -
::1 - - [15/Feb/2023:08:09:19 +0000] "GET /user/form?amount=458665&desc=polioipoia&category=Grocery HTTP/1.1" 304 -
::1 - - [15/Feb/2023:08:09:19 +0000] "GET /user/getDetails?page=1&limit=10 HTTP/1.1" 304 -
::1 - - [15/Feb/2023:08:10:02 +0000] "GET /user/form?amount=458665&desc=polioipoia&category=Grocery HTTP/1.1" 304 -
::1 - - [15/Feb/2023:08:10:03 +0000] "GET /user/getDetails?page=1&limit=10 HTTP/1.1" 304 -
::1 - - [15/Feb/2023:08:10:12 +0000] "GET /user/form?amount=458665&desc=polioipoia&category=Grocery HTTP/1.1" 304 -
::1 - - [15/Feb/2023:08:10:13 +0000] "GET /user/getDetails?page=1&limit=10 HTTP/1.1" 304 -
::1 - - [15/Feb/2023:08:10:36 +0000] "GET /user/form?amount=458665&desc=polioipoia&category=Grocery HTTP/1.1" 304 -
::1 - - [15/Feb/2023:08:10:36 +0000] "GET /user/getDetails?page=1&limit=10 HTTP/1.1" 304 -
::1 - - [15/Feb/2023:08:10:41 +0000] "GET /user/form?amount=458665&desc=polioipoia&category=Grocery HTTP/1.1" 304 -
::1 - - [15/Feb/2023:08:10:42 +0000] "GET /user/getDetails?page=1&limit=10 HTTP/1.1" 304 -
::1 - - [15/Feb/2023:08:10:56 +0000] "GET /user/form?amount=458665&desc=polioipoia&category=Grocery HTTP/1.1" 304 -
::1 - - [15/Feb/2023:08:10:57 +0000] "GET /user/getDetails?page=1&limit=10 HTTP/1.1" 304 -
::1 - - [15/Feb/2023:08:11:00 +0000] "GET /user/form?amount=458665&desc=polioipoia&category=Grocery HTTP/1.1" 304 -
::1 - - [15/Feb/2023:08:11:00 +0000] "GET /user/getDetails?page=1&limit=10 HTTP/1.1" 304 -
::1 - - [15/Feb/2023:08:11:01 +0000] "GET /user/form?amount=458665&desc=polioipoia&category=Grocery HTTP/1.1" 304 -
::1 - - [15/Feb/2023:08:11:01 +0000] "GET /user/getDetails?page=1&limit=10 HTTP/1.1" 304 -
::1 - - [15/Feb/2023:08:11:04 +0000] "GET /user/form?amount=458665&desc=polioipoia&category=Grocery HTTP/1.1" 304 -
::1 - - [15/Feb/2023:08:11:05 +0000] "GET /user/getDetails?page=1&limit=10 HTTP/1.1" 304 -
::1 - - [15/Feb/2023:08:11:09 +0000] "GET /user/form?amount=458665&desc=polioipoia&category=Grocery HTTP/1.1" 304 -
::1 - - [15/Feb/2023:08:11:10 +0000] "GET /user/getDetails?page=1&limit=10 HTTP/1.1" 304 -
::1 - - [15/Feb/2023:08:11:20 +0000] "GET /user/form?amount=458665&desc=polioipoia&category=Grocery HTTP/1.1" 304 -
::1 - - [15/Feb/2023:08:11:20 +0000] "GET /user/getDetails?page=1&limit=10 HTTP/1.1" 304 -
::1 - - [15/Feb/2023:08:11:23 +0000] "GET /user/form?amount=458665&desc=polioipoia&category=Grocery HTTP/1.1" 304 -
::1 - - [15/Feb/2023:08:11:24 +0000] "GET /user/getDetails?page=1&limit=10 HTTP/1.1" 304 -
::1 - - [15/Feb/2023:08:11:26 +0000] "GET /user/form?amount=458665&desc=polioipoia&category=Grocery HTTP/1.1" 304 -
::1 - - [15/Feb/2023:08:11:26 +0000] "GET /user/getDetails?page=1&limit=10 HTTP/1.1" 304 -
::1 - - [15/Feb/2023:08:11:27 +0000] "GET /user/form?amount=458665&desc=polioipoia&category=Grocery HTTP/1.1" 304 -
::1 - - [15/Feb/2023:08:11:28 +0000] "GET /user/getDetails?page=1&limit=10 HTTP/1.1" 304 -
::1 - - [15/Feb/2023:08:11:56 +0000] "GET /user/form?amount=458665&desc=polioipoia&category=Grocery HTTP/1.1" 304 -
::1 - - [15/Feb/2023:08:11:57 +0000] "GET /user/getDetails?page=1&limit=10 HTTP/1.1" 304 -
::1 - - [15/Feb/2023:08:12:12 +0000] "GET /user/form?amount=458665&desc=polioipoia&category=Grocery HTTP/1.1" 304 -
::1 - - [15/Feb/2023:08:12:12 +0000] "GET /user/getDetails?page=1&limit=10 HTTP/1.1" 304 -
::1 - - [15/Feb/2023:08:12:20 +0000] "GET /user/form?amount=458665&desc=polioipoia&category=Grocery HTTP/1.1" 304 -
::1 - - [15/Feb/2023:08:12:20 +0000] "GET /user/getDetails?page=1&limit=10 HTTP/1.1" 304 -
::1 - - [15/Feb/2023:08:12:52 +0000] "GET /user/form?amount=458665&desc=polioipoia&category=Grocery HTTP/1.1" 200 3786
::1 - - [15/Feb/2023:08:12:53 +0000] "GET /user/getDetails?page=1&limit=10 HTTP/1.1" 304 -
::1 - - [15/Feb/2023:08:12:56 +0000] "GET /user/form?amount=458665&desc=polioipoia&category=Grocery HTTP/1.1" 304 -
::1 - - [15/Feb/2023:08:12:56 +0000] "GET /user/getDetails?page=1&limit=10 HTTP/1.1" 304 -
::1 - - [15/Feb/2023:08:12:59 +0000] "GET /user/form?amount=458665&desc=polioipoia&category=Grocery HTTP/1.1" 304 -
::1 - - [15/Feb/2023:08:12:59 +0000] "GET /user/getDetails?page=1&limit=20 HTTP/1.1" 200 1111
::1 - - [15/Feb/2023:08:13:01 +0000] "GET /user/form?amount=458665&desc=polioipoia&category=Grocery HTTP/1.1" 304 -
::1 - - [15/Feb/2023:08:13:02 +0000] "GET /user/getDetails?page=1&limit=5 HTTP/1.1" 304 -
::1 - - [15/Feb/2023:08:13:03 +0000] "GET /user/getDetails?page=2&limit=5 HTTP/1.1" 304 -
::1 - - [15/Feb/2023:08:13:05 +0000] "GET /user/form?amount=458665&desc=polioipoia&category=Grocery HTTP/1.1" 304 -
::1 - - [15/Feb/2023:08:13:05 +0000] "GET /user/getDetails?page=1&limit=10 HTTP/1.1" 304 -
::1 - - [15/Feb/2023:09:13:45 +0000] "GET /user/form?amount=458665&desc=polioipoia&category=Grocery HTTP/1.1" 304 -
::1 - - [15/Feb/2023:09:13:45 +0000] "GET /user/getDetails?page=1&limit=10 HTTP/1.1" 304 -
::1 - - [15/Feb/2023:09:14:07 +0000] "GET /user/form?amount=458665&desc=polioipoia&category=Grocery HTTP/1.1" 304 -
::1 - - [15/Feb/2023:09:14:08 +0000] "GET /user/getDetails?page=1&limit=10 HTTP/1.1" 200 1112
::1 - - [15/Feb/2023:09:14:11 +0000] "GET /purchase/premiummembership HTTP/1.1" 403 263
::1 - - [15/Feb/2023:09:14:31 +0000] "GET /user/form?amount=458665&desc=polioipoia&category=Grocery HTTP/1.1" 304 -
::1 - - [15/Feb/2023:09:14:31 +0000] "GET /user/getDetails?page=1&limit=10 HTTP/1.1" 304 -
::1 - - [15/Feb/2023:09:14:34 +0000] "GET /purchase/premiummembership HTTP/1.1" 403 263
::1 - - [15/Feb/2023:09:21:18 +0000] "GET /user/form?amount=458665&desc=polioipoia&category=Grocery HTTP/1.1" 304 -
::1 - - [15/Feb/2023:09:21:19 +0000] "GET /user/getDetails?page=1&limit=10 HTTP/1.1" 304 -
::1 - - [15/Feb/2023:09:21:27 +0000] "GET /purchase/premiummembership HTTP/1.1" 201 195
::1 - - [15/Feb/2023:09:24:00 +0000] "GET /user/form?amount=458665&desc=polioipoia&category=Grocery HTTP/1.1" 304 -
::1 - - [15/Feb/2023:09:24:01 +0000] "GET /user/getDetails?page=1&limit=10 HTTP/1.1" 304 -
::1 - - [15/Feb/2023:09:24:07 +0000] "GET /user/form?amount=458665&desc=polioipoia&category=Grocery HTTP/1.1" 304 -
::1 - - [15/Feb/2023:09:24:07 +0000] "GET /user/getDetails?page=1&limit=10 HTTP/1.1" 304 -
::1 - - [15/Feb/2023:09:24:11 +0000] "GET /purchase/premiummembership HTTP/1.1" 201 195
::1 - - [15/Feb/2023:09:24:17 +0000] "GET /user/form?amount=458665&desc=polioipoia&category=Grocery HTTP/1.1" 304 -
::1 - - [15/Feb/2023:09:24:18 +0000] "GET /user/getDetails?page=1&limit=10 HTTP/1.1" 304 -
::ffff:127.0.0.1 - - [15/Feb/2023:09:25:00 +0000] "GET /purchase/premiummembership HTTP/1.1" 201 195
::1 - - [15/Feb/2023:09:26:07 +0000] "GET /user/form?amount=458665&desc=polioipoia&category=Grocery HTTP/1.1" 304 -
::1 - - [15/Feb/2023:09:26:07 +0000] "GET /user/getDetails?page=1&limit=10 HTTP/1.1" 304 -
::1 - - [15/Feb/2023:09:26:08 +0000] "GET /user/form?amount=458665&desc=polioipoia&category=Grocery HTTP/1.1" 304 -
::1 - - [15/Feb/2023:09:26:08 +0000] "GET /user/getDetails?page=1&limit=10 HTTP/1.1" 304 -
::1 - - [15/Feb/2023:09:26:09 +0000] "GET /user/form?amount=458665&desc=polioipoia&category=Grocery HTTP/1.1" 304 -
::1 - - [15/Feb/2023:09:26:10 +0000] "GET /user/getDetails?page=1&limit=10 HTTP/1.1" 304 -
::1 - - [15/Feb/2023:09:26:11 +0000] "GET /user/form?amount=458665&desc=polioipoia&category=Grocery HTTP/1.1" 304 -
::1 - - [15/Feb/2023:09:26:11 +0000] "GET /user/getDetails?page=1&limit=10 HTTP/1.1" 304 -
::1 - - [15/Feb/2023:09:26:12 +0000] "GET /user/form?amount=458665&desc=polioipoia&category=Grocery HTTP/1.1" 304 -
::1 - - [15/Feb/2023:09:26:12 +0000] "GET /user/getDetails?page=1&limit=10 HTTP/1.1" 304 -
::1 - - [15/Feb/2023:09:26:17 +0000] "GET /user/form HTTP/1.1" 200 3786
::1 - - [15/Feb/2023:09:26:18 +0000] "GET /user/getDetails?page=1&limit=10 HTTP/1.1" 304 -
::1 - - [15/Feb/2023:09:26:23 +0000] "GET /purchase/premiummembership HTTP/1.1" 201 195
::1 - - [15/Feb/2023:09:26:47 +0000] "POST /purchase/updatetransactionstatus HTTP/1.1" 202 51
::1 - - [15/Feb/2023:09:27:46 +0000] "GET /user/form HTTP/1.1" 304 -
::1 - - [15/Feb/2023:09:27:47 +0000] "GET /user/getDetails?page=1&limit=10 HTTP/1.1" 200 1111
::1 - - [15/Feb/2023:09:29:07 +0000] "GET /user/form HTTP/1.1" 304 -
::1 - - [15/Feb/2023:09:29:08 +0000] "GET /user/getDetails?page=1&limit=10 HTTP/1.1" 304 -
::1 - - [15/Feb/2023:09:29:20 +0000] "GET /user/form HTTP/1.1" 304 -
::1 - - [15/Feb/2023:09:29:21 +0000] "GET /user/getDetails?page=1&limit=10 HTTP/1.1" 200 1112
::1 - - [15/Feb/2023:09:29:23 +0000] "GET /purchase/premiummembership HTTP/1.1" 201 195
::1 - - [15/Feb/2023:09:29:42 +0000] "POST /purchase/updatetransactionstatus HTTP/1.1" 202 51
::1 - - [15/Feb/2023:09:29:43 +0000] "GET /user/form HTTP/1.1" 304 -
::1 - - [15/Feb/2023:09:29:44 +0000] "GET /user/getDetails?page=1&limit=10 HTTP/1.1" 200 1111
::1 - - [15/Feb/2023:09:30:11 +0000] "GET /user/form HTTP/1.1" 304 -
::1 - - [15/Feb/2023:09:30:11 +0000] "GET /user/getDetails?page=1&limit=10 HTTP/1.1" 200 1112
::1 - - [15/Feb/2023:09:30:13 +0000] "GET /purchase/premiummembership HTTP/1.1" 201 195
::1 - - [15/Feb/2023:10:53:25 +0000] "GET /user/form HTTP/1.1" 304 -
::1 - - [15/Feb/2023:10:53:25 +0000] "GET /user/getDetails?page=1&limit=10 HTTP/1.1" 304 -
::1 - - [15/Feb/2023:11:27:42 +0000] "GET /user/form HTTP/1.1" 304 -
::1 - - [15/Feb/2023:11:27:42 +0000] "GET /user/getDetails?page=1&limit=10 HTTP/1.1" 304 -
::1 - - [15/Feb/2023:11:30:43 +0000] "GET / HTTP/1.1" 304 -
::1 - - [15/Feb/2023:11:30:47 +0000] "GET /user/form HTTP/1.1" 304 -
::1 - - [15/Feb/2023:11:30:48 +0000] "GET /user/getDetails?page=1&limit=10 HTTP/1.1" 304 -
::ffff:127.0.0.1 - - [15/Feb/2023:11:31:17 +0000] "GET /user/form HTTP/1.1" 304 -
::1 - - [15/Feb/2023:11:31:17 +0000] "GET /user/getDetails?page=1&limit=10 HTTP/1.1" 304 -
::1 - - [15/Feb/2023:14:36:20 +0000] "GET /user/form HTTP/1.1" 200 3786
::1 - - [15/Feb/2023:14:36:20 +0000] "GET /user/getDetails?page=1&limit=10 HTTP/1.1" 304 -
::1 - - [16/Feb/2023:05:31:02 +0000] "GET /user/form HTTP/1.1" 200 3786
::1 - - [16/Feb/2023:05:31:03 +0000] "GET /user/getDetails?page=1&limit=5 HTTP/1.1" 200 950
::1 - - [16/Feb/2023:05:31:05 +0000] "GET /user/form HTTP/1.1" 304 -
::1 - - [16/Feb/2023:05:31:05 +0000] "GET /user/getDetails?page=1&limit=5 HTTP/1.1" 304 -
